{"C:\\Users\\Thomás\\Desktop\\nodejs\\metrics\\teste-de-filtro.js": {"path":"C:\\Users\\Thomás\\Desktop\\nodejs\\metrics\\teste-de-filtro.js","all":true,"statementMap":{"0":{"start":{"line":1,"column":0},"end":{"line":1,"column":90}},"1":{"start":{"line":2,"column":0},"end":{"line":2,"column":112}},"2":{"start":{"line":3,"column":0},"end":{"line":3,"column":64}},"3":{"start":{"line":4,"column":0},"end":{"line":4,"column":99}},"4":{"start":{"line":5,"column":0},"end":{"line":5,"column":102}},"5":{"start":{"line":6,"column":0},"end":{"line":6,"column":118}},"6":{"start":{"line":7,"column":0},"end":{"line":7,"column":78}},"7":{"start":{"line":8,"column":0},"end":{"line":8,"column":7}},"8":{"start":{"line":9,"column":0},"end":{"line":9,"column":2}},"9":{"start":{"line":10,"column":0},"end":{"line":10,"column":74}},"10":{"start":{"line":11,"column":0},"end":{"line":11,"column":117}},"11":{"start":{"line":12,"column":0},"end":{"line":12,"column":157}},"12":{"start":{"line":13,"column":0},"end":{"line":13,"column":70}},"13":{"start":{"line":14,"column":0},"end":{"line":14,"column":23}},"14":{"start":{"line":15,"column":0},"end":{"line":15,"column":70}},"15":{"start":{"line":16,"column":0},"end":{"line":16,"column":55}},"16":{"start":{"line":17,"column":0},"end":{"line":17,"column":169}},"17":{"start":{"line":18,"column":0},"end":{"line":18,"column":52}},"18":{"start":{"line":19,"column":0},"end":{"line":19,"column":28}},"19":{"start":{"line":20,"column":0},"end":{"line":20,"column":46}},"20":{"start":{"line":21,"column":0},"end":{"line":21,"column":72}},"21":{"start":{"line":22,"column":0},"end":{"line":22,"column":65}},"22":{"start":{"line":23,"column":0},"end":{"line":23,"column":65}},"23":{"start":{"line":24,"column":0},"end":{"line":24,"column":24}},"24":{"start":{"line":25,"column":0},"end":{"line":25,"column":128}},"25":{"start":{"line":26,"column":0},"end":{"line":26,"column":106}},"26":{"start":{"line":27,"column":0},"end":{"line":27,"column":89}},"27":{"start":{"line":28,"column":0},"end":{"line":28,"column":87}},"28":{"start":{"line":29,"column":0},"end":{"line":29,"column":42}},"29":{"start":{"line":30,"column":0},"end":{"line":30,"column":43}},"30":{"start":{"line":31,"column":0},"end":{"line":31,"column":13}},"31":{"start":{"line":32,"column":0},"end":{"line":32,"column":39}},"32":{"start":{"line":33,"column":0},"end":{"line":33,"column":66}},"33":{"start":{"line":34,"column":0},"end":{"line":34,"column":89}},"34":{"start":{"line":35,"column":0},"end":{"line":35,"column":5}},"35":{"start":{"line":36,"column":0},"end":{"line":36,"column":2}},"36":{"start":{"line":37,"column":0},"end":{"line":37,"column":21}},"37":{"start":{"line":38,"column":0},"end":{"line":38,"column":22}},"38":{"start":{"line":39,"column":0},"end":{"line":39,"column":56}},"39":{"start":{"line":40,"column":0},"end":{"line":40,"column":33}},"40":{"start":{"line":41,"column":0},"end":{"line":41,"column":48}},"41":{"start":{"line":42,"column":0},"end":{"line":42,"column":31}},"42":{"start":{"line":43,"column":0},"end":{"line":43,"column":23}},"43":{"start":{"line":44,"column":0},"end":{"line":44,"column":32}},"44":{"start":{"line":45,"column":0},"end":{"line":45,"column":52}},"45":{"start":{"line":46,"column":0},"end":{"line":46,"column":37}},"46":{"start":{"line":47,"column":0},"end":{"line":47,"column":51}},"47":{"start":{"line":48,"column":0},"end":{"line":48,"column":40}},"48":{"start":{"line":49,"column":0},"end":{"line":49,"column":39}},"49":{"start":{"line":50,"column":0},"end":{"line":50,"column":27}},"50":{"start":{"line":51,"column":0},"end":{"line":51,"column":21}},"51":{"start":{"line":52,"column":0},"end":{"line":52,"column":121}},"52":{"start":{"line":53,"column":0},"end":{"line":53,"column":23}},"53":{"start":{"line":54,"column":0},"end":{"line":54,"column":42}},"54":{"start":{"line":55,"column":0},"end":{"line":55,"column":43}},"55":{"start":{"line":56,"column":0},"end":{"line":56,"column":42}},"56":{"start":{"line":57,"column":0},"end":{"line":57,"column":13}},"57":{"start":{"line":58,"column":0},"end":{"line":58,"column":11}},"58":{"start":{"line":59,"column":0},"end":{"line":59,"column":7}},"59":{"start":{"line":60,"column":0},"end":{"line":60,"column":1}},"60":{"start":{"line":61,"column":0},"end":{"line":61,"column":10}}},"s":{"0":0,"1":0,"2":0,"3":0,"4":0,"5":0,"6":0,"7":0,"8":0,"9":0,"10":0,"11":0,"12":0,"13":0,"14":0,"15":0,"16":0,"17":0,"18":0,"19":0,"20":0,"21":0,"22":0,"23":0,"24":0,"25":0,"26":0,"27":0,"28":0,"29":0,"30":0,"31":0,"32":0,"33":0,"34":0,"35":0,"36":0,"37":0,"38":0,"39":0,"40":0,"41":0,"42":0,"43":0,"44":0,"45":0,"46":0,"47":0,"48":0,"49":0,"50":0,"51":0,"52":0,"53":0,"54":0,"55":0,"56":0,"57":0,"58":0,"59":0,"60":0},"branchMap":{"0":{"type":"branch","line":1,"loc":{"start":{"line":1,"column":0},"end":{"line":61,"column":10}},"locations":[{"start":{"line":1,"column":0},"end":{"line":61,"column":10}}]}},"b":{"0":[0]},"fnMap":{"0":{"name":"(empty-report)","decl":{"start":{"line":1,"column":0},"end":{"line":61,"column":10}},"loc":{"start":{"line":1,"column":0},"end":{"line":61,"column":10}},"line":1}},"f":{"0":0}}
,"C:\\Users\\Thomás\\Desktop\\nodejs\\metrics\\teste-de-filtro.ts": {"path":"C:\\Users\\Thomás\\Desktop\\nodejs\\metrics\\teste-de-filtro.ts","all":true,"statementMap":{"0":{"start":{"line":1,"column":0},"end":{"line":1,"column":20}},"1":{"start":{"line":2,"column":0},"end":{"line":2,"column":36}},"2":{"start":{"line":3,"column":0},"end":{"line":3,"column":21}},"3":{"start":{"line":4,"column":0},"end":{"line":4,"column":34}},"4":{"start":{"line":5,"column":0},"end":{"line":5,"column":21}},"5":{"start":{"line":6,"column":0},"end":{"line":6,"column":29}},"6":{"start":{"line":7,"column":0},"end":{"line":7,"column":24}},"7":{"start":{"line":8,"column":0},"end":{"line":8,"column":23}},"8":{"start":{"line":9,"column":0},"end":{"line":9,"column":10}},"9":{"start":{"line":10,"column":0},"end":{"line":10,"column":0}},"10":{"start":{"line":11,"column":0},"end":{"line":11,"column":5}},"11":{"start":{"line":12,"column":0},"end":{"line":12,"column":0}},"12":{"start":{"line":13,"column":0},"end":{"line":13,"column":0}},"13":{"start":{"line":14,"column":0},"end":{"line":14,"column":87}},"14":{"start":{"line":15,"column":0},"end":{"line":15,"column":26}},"15":{"start":{"line":16,"column":0},"end":{"line":16,"column":1}},"16":{"start":{"line":17,"column":0},"end":{"line":17,"column":0}},"17":{"start":{"line":18,"column":0},"end":{"line":18,"column":9}}},"s":{"0":0,"1":0,"2":0,"3":0,"4":0,"5":0,"6":0,"7":0,"8":0,"9":0,"10":0,"11":0,"12":0,"13":0,"14":0,"15":0,"16":0,"17":0},"branchMap":{"0":{"type":"branch","line":1,"loc":{"start":{"line":1,"column":0},"end":{"line":18,"column":9}},"locations":[{"start":{"line":1,"column":0},"end":{"line":18,"column":9}}]}},"b":{"0":[0]},"fnMap":{"0":{"name":"(empty-report)","decl":{"start":{"line":1,"column":0},"end":{"line":18,"column":9}},"loc":{"start":{"line":1,"column":0},"end":{"line":18,"column":9}},"line":1}},"f":{"0":0}}
,"C:\\Users\\Thomás\\Desktop\\nodejs\\metrics\\build\\app.js": {"path":"C:\\Users\\Thomás\\Desktop\\nodejs\\metrics\\build\\app.js","all":true,"statementMap":{"0":{"start":{"line":1,"column":0},"end":{"line":1,"column":13}},"1":{"start":{"line":2,"column":0},"end":{"line":2,"column":29}},"2":{"start":{"line":3,"column":0},"end":{"line":3,"column":38}},"3":{"start":{"line":4,"column":0},"end":{"line":4,"column":55}},"4":{"start":{"line":5,"column":0},"end":{"line":5,"column":51}},"5":{"start":{"line":6,"column":0},"end":{"line":6,"column":41}},"6":{"start":{"line":7,"column":0},"end":{"line":7,"column":51}},"7":{"start":{"line":8,"column":0},"end":{"line":8,"column":33}},"8":{"start":{"line":9,"column":0},"end":{"line":9,"column":23}},"9":{"start":{"line":10,"column":0},"end":{"line":10,"column":66}},"10":{"start":{"line":11,"column":0},"end":{"line":11,"column":2}},"11":{"start":{"line":12,"column":0},"end":{"line":12,"column":47}},"12":{"start":{"line":13,"column":0},"end":{"line":13,"column":71}},"13":{"start":{"line":14,"column":0},"end":{"line":14,"column":44}},"14":{"start":{"line":15,"column":0},"end":{"line":15,"column":56}},"15":{"start":{"line":16,"column":0},"end":{"line":16,"column":123}},"16":{"start":{"line":17,"column":0},"end":{"line":17,"column":3}},"17":{"start":{"line":18,"column":0},"end":{"line":18,"column":12}},"18":{"start":{"line":19,"column":0},"end":{"line":19,"column":2}},"19":{"start":{"line":20,"column":0},"end":{"line":20,"column":113}},"20":{"start":{"line":21,"column":0},"end":{"line":21,"column":72}},"21":{"start":{"line":22,"column":0},"end":{"line":22,"column":67}},"22":{"start":{"line":23,"column":0},"end":{"line":23,"column":72}},"23":{"start":{"line":24,"column":0},"end":{"line":24,"column":71}},"24":{"start":{"line":25,"column":0},"end":{"line":25,"column":114}},"25":{"start":{"line":26,"column":0},"end":{"line":26,"column":5}},"26":{"start":{"line":27,"column":0},"end":{"line":27,"column":3}},"27":{"start":{"line":28,"column":0},"end":{"line":28,"column":91}},"28":{"start":{"line":29,"column":0},"end":{"line":29,"column":0}},"29":{"start":{"line":30,"column":0},"end":{"line":30,"column":13}},"30":{"start":{"line":31,"column":0},"end":{"line":31,"column":21}},"31":{"start":{"line":32,"column":0},"end":{"line":32,"column":23}},"32":{"start":{"line":33,"column":0},"end":{"line":33,"column":16}},"33":{"start":{"line":34,"column":0},"end":{"line":34,"column":3}},"34":{"start":{"line":35,"column":0},"end":{"line":35,"column":43}},"35":{"start":{"line":36,"column":0},"end":{"line":36,"column":49}},"36":{"start":{"line":37,"column":0},"end":{"line":37,"column":40}},"37":{"start":{"line":38,"column":0},"end":{"line":38,"column":61}},"38":{"start":{"line":39,"column":0},"end":{"line":39,"column":24}},"39":{"start":{"line":40,"column":0},"end":{"line":40,"column":5}},"40":{"start":{"line":41,"column":0},"end":{"line":41,"column":3}}},"s":{"0":0,"1":0,"2":0,"3":0,"4":0,"5":0,"6":0,"7":0,"8":0,"9":0,"10":0,"11":0,"12":0,"13":0,"14":0,"15":0,"16":0,"17":0,"18":0,"19":0,"20":0,"21":0,"22":0,"23":0,"24":0,"25":0,"26":0,"27":0,"28":0,"29":0,"30":0,"31":0,"32":0,"33":0,"34":0,"35":0,"36":0,"37":0,"38":0,"39":0,"40":0},"branchMap":{"0":{"type":"branch","line":1,"loc":{"start":{"line":1,"column":0},"end":{"line":41,"column":3}},"locations":[{"start":{"line":1,"column":0},"end":{"line":41,"column":3}}]}},"b":{"0":[0]},"fnMap":{"0":{"name":"(empty-report)","decl":{"start":{"line":1,"column":0},"end":{"line":41,"column":3}},"loc":{"start":{"line":1,"column":0},"end":{"line":41,"column":3}},"line":1}},"f":{"0":0}}
,"C:\\Users\\Thomás\\Desktop\\nodejs\\metrics\\build\\server.js": {"path":"C:\\Users\\Thomás\\Desktop\\nodejs\\metrics\\build\\server.js","all":true,"statementMap":{"0":{"start":{"line":1,"column":0},"end":{"line":1,"column":13}},"1":{"start":{"line":2,"column":0},"end":{"line":2,"column":29}},"2":{"start":{"line":3,"column":0},"end":{"line":3,"column":38}},"3":{"start":{"line":4,"column":0},"end":{"line":4,"column":55}},"4":{"start":{"line":5,"column":0},"end":{"line":5,"column":51}},"5":{"start":{"line":6,"column":0},"end":{"line":6,"column":41}},"6":{"start":{"line":7,"column":0},"end":{"line":7,"column":51}},"7":{"start":{"line":8,"column":0},"end":{"line":8,"column":47}},"8":{"start":{"line":9,"column":0},"end":{"line":9,"column":71}},"9":{"start":{"line":10,"column":0},"end":{"line":10,"column":44}},"10":{"start":{"line":11,"column":0},"end":{"line":11,"column":56}},"11":{"start":{"line":12,"column":0},"end":{"line":12,"column":123}},"12":{"start":{"line":13,"column":0},"end":{"line":13,"column":3}},"13":{"start":{"line":14,"column":0},"end":{"line":14,"column":12}},"14":{"start":{"line":15,"column":0},"end":{"line":15,"column":2}},"15":{"start":{"line":16,"column":0},"end":{"line":16,"column":113}},"16":{"start":{"line":17,"column":0},"end":{"line":17,"column":72}},"17":{"start":{"line":18,"column":0},"end":{"line":18,"column":67}},"18":{"start":{"line":19,"column":0},"end":{"line":19,"column":72}},"19":{"start":{"line":20,"column":0},"end":{"line":20,"column":71}},"20":{"start":{"line":21,"column":0},"end":{"line":21,"column":114}},"21":{"start":{"line":22,"column":0},"end":{"line":22,"column":5}},"22":{"start":{"line":23,"column":0},"end":{"line":23,"column":3}},"23":{"start":{"line":24,"column":0},"end":{"line":24,"column":0}},"24":{"start":{"line":25,"column":0},"end":{"line":25,"column":13}},"25":{"start":{"line":26,"column":0},"end":{"line":26,"column":49}},"26":{"start":{"line":27,"column":0},"end":{"line":27,"column":40}},"27":{"start":{"line":28,"column":0},"end":{"line":28,"column":0}},"28":{"start":{"line":29,"column":0},"end":{"line":29,"column":16}},"29":{"start":{"line":30,"column":0},"end":{"line":30,"column":12}},"30":{"start":{"line":31,"column":0},"end":{"line":31,"column":42}},"31":{"start":{"line":32,"column":0},"end":{"line":32,"column":18}},"32":{"start":{"line":33,"column":0},"end":{"line":33,"column":12}},"33":{"start":{"line":34,"column":0},"end":{"line":34,"column":15}},"34":{"start":{"line":35,"column":0},"end":{"line":35,"column":39}},"35":{"start":{"line":36,"column":0},"end":{"line":36,"column":3}}},"s":{"0":0,"1":0,"2":0,"3":0,"4":0,"5":0,"6":0,"7":0,"8":0,"9":0,"10":0,"11":0,"12":0,"13":0,"14":0,"15":0,"16":0,"17":0,"18":0,"19":0,"20":0,"21":0,"22":0,"23":0,"24":0,"25":0,"26":0,"27":0,"28":0,"29":0,"30":0,"31":0,"32":0,"33":0,"34":0,"35":0},"branchMap":{"0":{"type":"branch","line":1,"loc":{"start":{"line":1,"column":0},"end":{"line":36,"column":3}},"locations":[{"start":{"line":1,"column":0},"end":{"line":36,"column":3}}]}},"b":{"0":[0]},"fnMap":{"0":{"name":"(empty-report)","decl":{"start":{"line":1,"column":0},"end":{"line":36,"column":3}},"loc":{"start":{"line":1,"column":0},"end":{"line":36,"column":3}},"line":1}},"f":{"0":0}}
,"C:\\Users\\Thomás\\Desktop\\nodejs\\metrics\\src\\app.ts": {"path":"C:\\Users\\Thomás\\Desktop\\nodejs\\metrics\\src\\app.ts","all":true,"statementMap":{"0":{"start":{"line":1,"column":0},"end":{"line":1,"column":29}},"1":{"start":{"line":2,"column":0},"end":{"line":2,"column":41}},"2":{"start":{"line":3,"column":0},"end":{"line":3,"column":30}},"3":{"start":{"line":4,"column":0},"end":{"line":4,"column":27}},"4":{"start":{"line":5,"column":0},"end":{"line":5,"column":0}},"5":{"start":{"line":6,"column":0},"end":{"line":6,"column":0}},"6":{"start":{"line":7,"column":0},"end":{"line":7,"column":28}},"7":{"start":{"line":8,"column":0},"end":{"line":8,"column":0}},"8":{"start":{"line":9,"column":0},"end":{"line":9,"column":0}},"9":{"start":{"line":10,"column":0},"end":{"line":10,"column":23}},"10":{"start":{"line":11,"column":0},"end":{"line":11,"column":0}},"11":{"start":{"line":12,"column":0},"end":{"line":12,"column":0}},"12":{"start":{"line":13,"column":0},"end":{"line":13,"column":42}},"13":{"start":{"line":14,"column":0},"end":{"line":14,"column":35}},"14":{"start":{"line":15,"column":0},"end":{"line":15,"column":20}},"15":{"start":{"line":16,"column":0},"end":{"line":16,"column":24}},"16":{"start":{"line":17,"column":0},"end":{"line":17,"column":73}},"17":{"start":{"line":18,"column":0},"end":{"line":18,"column":5}},"18":{"start":{"line":19,"column":0},"end":{"line":19,"column":0}},"19":{"start":{"line":20,"column":0},"end":{"line":20,"column":39}},"20":{"start":{"line":21,"column":0},"end":{"line":21,"column":28}},"21":{"start":{"line":22,"column":0},"end":{"line":22,"column":12}},"22":{"start":{"line":23,"column":0},"end":{"line":23,"column":98}},"23":{"start":{"line":24,"column":0},"end":{"line":24,"column":5}},"24":{"start":{"line":25,"column":0},"end":{"line":25,"column":73}},"25":{"start":{"line":26,"column":0},"end":{"line":26,"column":2}}},"s":{"0":0,"1":0,"2":0,"3":0,"4":0,"5":0,"6":0,"7":0,"8":0,"9":0,"10":0,"11":0,"12":0,"13":0,"14":0,"15":0,"16":0,"17":0,"18":0,"19":0,"20":0,"21":0,"22":0,"23":0,"24":0,"25":0},"branchMap":{"0":{"type":"branch","line":1,"loc":{"start":{"line":1,"column":0},"end":{"line":26,"column":2}},"locations":[{"start":{"line":1,"column":0},"end":{"line":26,"column":2}}]}},"b":{"0":[0]},"fnMap":{"0":{"name":"(empty-report)","decl":{"start":{"line":1,"column":0},"end":{"line":26,"column":2}},"loc":{"start":{"line":1,"column":0},"end":{"line":26,"column":2}},"line":1}},"f":{"0":0}}
,"C:\\Users\\Thomás\\Desktop\\nodejs\\metrics\\src\\server.ts": {"path":"C:\\Users\\Thomás\\Desktop\\nodejs\\metrics\\src\\server.ts","all":true,"statementMap":{"0":{"start":{"line":1,"column":0},"end":{"line":1,"column":27}},"1":{"start":{"line":2,"column":0},"end":{"line":2,"column":25}},"2":{"start":{"line":3,"column":0},"end":{"line":3,"column":0}},"3":{"start":{"line":4,"column":0},"end":{"line":4,"column":12}},"4":{"start":{"line":5,"column":0},"end":{"line":5,"column":44}},"5":{"start":{"line":6,"column":0},"end":{"line":6,"column":19}},"6":{"start":{"line":7,"column":0},"end":{"line":7,"column":18}},"7":{"start":{"line":8,"column":0},"end":{"line":8,"column":15}},"8":{"start":{"line":9,"column":0},"end":{"line":9,"column":40}},"9":{"start":{"line":10,"column":0},"end":{"line":10,"column":2}}},"s":{"0":0,"1":0,"2":0,"3":0,"4":0,"5":0,"6":0,"7":0,"8":0,"9":0},"branchMap":{"0":{"type":"branch","line":1,"loc":{"start":{"line":1,"column":0},"end":{"line":10,"column":2}},"locations":[{"start":{"line":1,"column":0},"end":{"line":10,"column":2}}]}},"b":{"0":[0]},"fnMap":{"0":{"name":"(empty-report)","decl":{"start":{"line":1,"column":0},"end":{"line":10,"column":2}},"loc":{"start":{"line":1,"column":0},"end":{"line":10,"column":2}},"line":1}},"f":{"0":0}}
,"C:\\Users\\Thomás\\Desktop\\nodejs\\metrics\\src\\env\\index.ts": {"path":"C:\\Users\\Thomás\\Desktop\\nodejs\\metrics\\src\\env\\index.ts","all":true,"statementMap":{"0":{"start":{"line":1,"column":0},"end":{"line":1,"column":22}},"1":{"start":{"line":2,"column":0},"end":{"line":2,"column":21}},"2":{"start":{"line":3,"column":0},"end":{"line":3,"column":0}},"3":{"start":{"line":4,"column":0},"end":{"line":4,"column":0}},"4":{"start":{"line":5,"column":0},"end":{"line":5,"column":39}},"5":{"start":{"line":6,"column":0},"end":{"line":6,"column":12}},"6":{"start":{"line":7,"column":0},"end":{"line":7,"column":15}},"7":{"start":{"line":8,"column":0},"end":{"line":8,"column":0}},"8":{"start":{"line":9,"column":0},"end":{"line":9,"column":0}},"9":{"start":{"line":10,"column":0},"end":{"line":10,"column":28}},"10":{"start":{"line":11,"column":0},"end":{"line":11,"column":56}},"11":{"start":{"line":12,"column":0},"end":{"line":12,"column":67}},"12":{"start":{"line":13,"column":0},"end":{"line":13,"column":97}},"13":{"start":{"line":14,"column":0},"end":{"line":14,"column":42}},"14":{"start":{"line":15,"column":0},"end":{"line":15,"column":2}},"15":{"start":{"line":16,"column":0},"end":{"line":16,"column":0}},"16":{"start":{"line":17,"column":0},"end":{"line":17,"column":45}},"17":{"start":{"line":18,"column":0},"end":{"line":18,"column":0}},"18":{"start":{"line":19,"column":0},"end":{"line":19,"column":127}},"19":{"start":{"line":20,"column":0},"end":{"line":20,"column":27}},"20":{"start":{"line":21,"column":0},"end":{"line":21,"column":72}},"21":{"start":{"line":22,"column":0},"end":{"line":22,"column":52}},"22":{"start":{"line":23,"column":0},"end":{"line":23,"column":0}},"23":{"start":{"line":24,"column":0},"end":{"line":24,"column":1}},"24":{"start":{"line":25,"column":0},"end":{"line":25,"column":0}},"25":{"start":{"line":26,"column":0},"end":{"line":26,"column":28}}},"s":{"0":0,"1":0,"2":0,"3":0,"4":0,"5":0,"6":0,"7":0,"8":0,"9":0,"10":0,"11":0,"12":0,"13":0,"14":0,"15":0,"16":0,"17":0,"18":0,"19":0,"20":0,"21":0,"22":0,"23":0,"24":0,"25":0},"branchMap":{"0":{"type":"branch","line":1,"loc":{"start":{"line":1,"column":0},"end":{"line":26,"column":28}},"locations":[{"start":{"line":1,"column":0},"end":{"line":26,"column":28}}]}},"b":{"0":[0]},"fnMap":{"0":{"name":"(empty-report)","decl":{"start":{"line":1,"column":0},"end":{"line":26,"column":28}},"loc":{"start":{"line":1,"column":0},"end":{"line":26,"column":28}},"line":1}},"f":{"0":0}}
,"C:\\Users\\Thomás\\Desktop\\nodejs\\metrics\\src\\http\\routes.ts": {"path":"C:\\Users\\Thomás\\Desktop\\nodejs\\metrics\\src\\http\\routes.ts","all":true,"statementMap":{"0":{"start":{"line":1,"column":0},"end":{"line":1,"column":41}},"1":{"start":{"line":2,"column":0},"end":{"line":2,"column":49}},"2":{"start":{"line":3,"column":0},"end":{"line":3,"column":57}},"3":{"start":{"line":4,"column":0},"end":{"line":4,"column":0}},"4":{"start":{"line":5,"column":0},"end":{"line":5,"column":55}},"5":{"start":{"line":6,"column":0},"end":{"line":6,"column":32}},"6":{"start":{"line":7,"column":0},"end":{"line":7,"column":21}},"7":{"start":{"line":8,"column":0},"end":{"line":8,"column":39}},"8":{"start":{"line":9,"column":0},"end":{"line":9,"column":20}},"9":{"start":{"line":10,"column":0},"end":{"line":10,"column":1}}},"s":{"0":0,"1":0,"2":0,"3":0,"4":0,"5":0,"6":0,"7":0,"8":0,"9":0},"branchMap":{"0":{"type":"branch","line":1,"loc":{"start":{"line":1,"column":0},"end":{"line":10,"column":1}},"locations":[{"start":{"line":1,"column":0},"end":{"line":10,"column":1}}]}},"b":{"0":[0]},"fnMap":{"0":{"name":"(empty-report)","decl":{"start":{"line":1,"column":0},"end":{"line":10,"column":1}},"loc":{"start":{"line":1,"column":0},"end":{"line":10,"column":1}},"line":1}},"f":{"0":0}}
,"C:\\Users\\Thomás\\Desktop\\nodejs\\metrics\\src\\http\\controllers\\authenticate.ts": {"path":"C:\\Users\\Thomás\\Desktop\\nodejs\\metrics\\src\\http\\controllers\\authenticate.ts","all":true,"statementMap":{"0":{"start":{"line":1,"column":0},"end":{"line":1,"column":52}},"1":{"start":{"line":2,"column":0},"end":{"line":2,"column":21}},"2":{"start":{"line":3,"column":0},"end":{"line":3,"column":86}},"3":{"start":{"line":4,"column":0},"end":{"line":4,"column":90}},"4":{"start":{"line":5,"column":0},"end":{"line":5,"column":0}},"5":{"start":{"line":6,"column":0},"end":{"line":6,"column":0}},"6":{"start":{"line":7,"column":0},"end":{"line":7,"column":0}},"7":{"start":{"line":8,"column":0},"end":{"line":8,"column":83}},"8":{"start":{"line":9,"column":0},"end":{"line":9,"column":0}},"9":{"start":{"line":10,"column":0},"end":{"line":10,"column":0}},"10":{"start":{"line":11,"column":0},"end":{"line":11,"column":45}},"11":{"start":{"line":12,"column":0},"end":{"line":12,"column":34}},"12":{"start":{"line":13,"column":0},"end":{"line":13,"column":36}},"13":{"start":{"line":14,"column":0},"end":{"line":14,"column":6}},"14":{"start":{"line":15,"column":0},"end":{"line":15,"column":0}},"15":{"start":{"line":16,"column":0},"end":{"line":16,"column":0}},"16":{"start":{"line":17,"column":0},"end":{"line":17,"column":73}},"17":{"start":{"line":18,"column":0},"end":{"line":18,"column":0}},"18":{"start":{"line":19,"column":0},"end":{"line":19,"column":9}},"19":{"start":{"line":20,"column":0},"end":{"line":20,"column":0}},"20":{"start":{"line":21,"column":0},"end":{"line":21,"column":61}},"21":{"start":{"line":22,"column":0},"end":{"line":22,"column":43}},"22":{"start":{"line":23,"column":0},"end":{"line":23,"column":18}},"23":{"start":{"line":24,"column":0},"end":{"line":24,"column":20}},"24":{"start":{"line":25,"column":0},"end":{"line":25,"column":10}},"25":{"start":{"line":26,"column":0},"end":{"line":26,"column":17}},"26":{"start":{"line":27,"column":0},"end":{"line":27,"column":51}},"27":{"start":{"line":28,"column":0},"end":{"line":28,"column":65}},"28":{"start":{"line":29,"column":0},"end":{"line":29,"column":9}},"29":{"start":{"line":30,"column":0},"end":{"line":30,"column":17}},"30":{"start":{"line":31,"column":0},"end":{"line":31,"column":5}},"31":{"start":{"line":32,"column":0},"end":{"line":32,"column":1}}},"s":{"0":0,"1":0,"2":0,"3":0,"4":0,"5":0,"6":0,"7":0,"8":0,"9":0,"10":0,"11":0,"12":0,"13":0,"14":0,"15":0,"16":0,"17":0,"18":0,"19":0,"20":0,"21":0,"22":0,"23":0,"24":0,"25":0,"26":0,"27":0,"28":0,"29":0,"30":0,"31":0},"branchMap":{"0":{"type":"branch","line":1,"loc":{"start":{"line":1,"column":0},"end":{"line":32,"column":1}},"locations":[{"start":{"line":1,"column":0},"end":{"line":32,"column":1}}]}},"b":{"0":[0]},"fnMap":{"0":{"name":"(empty-report)","decl":{"start":{"line":1,"column":0},"end":{"line":32,"column":1}},"loc":{"start":{"line":1,"column":0},"end":{"line":32,"column":1}},"line":1}},"f":{"0":0}}
,"C:\\Users\\Thomás\\Desktop\\nodejs\\metrics\\src\\http\\controllers\\register.ts": {"path":"C:\\Users\\Thomás\\Desktop\\nodejs\\metrics\\src\\http\\controllers\\register.ts","all":true,"statementMap":{"0":{"start":{"line":1,"column":0},"end":{"line":1,"column":52}},"1":{"start":{"line":2,"column":0},"end":{"line":2,"column":21}},"2":{"start":{"line":3,"column":0},"end":{"line":3,"column":85}},"3":{"start":{"line":4,"column":0},"end":{"line":4,"column":82}},"4":{"start":{"line":5,"column":0},"end":{"line":5,"column":0}},"5":{"start":{"line":6,"column":0},"end":{"line":6,"column":0}},"6":{"start":{"line":7,"column":0},"end":{"line":7,"column":0}},"7":{"start":{"line":8,"column":0},"end":{"line":8,"column":0}},"8":{"start":{"line":9,"column":0},"end":{"line":9,"column":79}},"9":{"start":{"line":10,"column":0},"end":{"line":10,"column":0}},"10":{"start":{"line":11,"column":0},"end":{"line":11,"column":41}},"11":{"start":{"line":12,"column":0},"end":{"line":12,"column":25}},"12":{"start":{"line":13,"column":0},"end":{"line":13,"column":34}},"13":{"start":{"line":14,"column":0},"end":{"line":14,"column":36}},"14":{"start":{"line":15,"column":0},"end":{"line":15,"column":6}},"15":{"start":{"line":16,"column":0},"end":{"line":16,"column":0}},"16":{"start":{"line":17,"column":0},"end":{"line":17,"column":74}},"17":{"start":{"line":18,"column":0},"end":{"line":18,"column":0}},"18":{"start":{"line":19,"column":0},"end":{"line":19,"column":9}},"19":{"start":{"line":20,"column":0},"end":{"line":20,"column":53}},"20":{"start":{"line":21,"column":0},"end":{"line":21,"column":39}},"21":{"start":{"line":22,"column":0},"end":{"line":22,"column":17}},"22":{"start":{"line":23,"column":0},"end":{"line":23,"column":18}},"23":{"start":{"line":24,"column":0},"end":{"line":24,"column":20}},"24":{"start":{"line":25,"column":0},"end":{"line":25,"column":10}},"25":{"start":{"line":26,"column":0},"end":{"line":26,"column":17}},"26":{"start":{"line":27,"column":0},"end":{"line":27,"column":50}},"27":{"start":{"line":28,"column":0},"end":{"line":28,"column":65}},"28":{"start":{"line":29,"column":0},"end":{"line":29,"column":9}},"29":{"start":{"line":30,"column":0},"end":{"line":30,"column":17}},"30":{"start":{"line":31,"column":0},"end":{"line":31,"column":5}},"31":{"start":{"line":32,"column":0},"end":{"line":32,"column":35}},"32":{"start":{"line":33,"column":0},"end":{"line":33,"column":1}}},"s":{"0":0,"1":0,"2":0,"3":0,"4":0,"5":0,"6":0,"7":0,"8":0,"9":0,"10":0,"11":0,"12":0,"13":0,"14":0,"15":0,"16":0,"17":0,"18":0,"19":0,"20":0,"21":0,"22":0,"23":0,"24":0,"25":0,"26":0,"27":0,"28":0,"29":0,"30":0,"31":0,"32":0},"branchMap":{"0":{"type":"branch","line":1,"loc":{"start":{"line":1,"column":0},"end":{"line":33,"column":1}},"locations":[{"start":{"line":1,"column":0},"end":{"line":33,"column":1}}]}},"b":{"0":[0]},"fnMap":{"0":{"name":"(empty-report)","decl":{"start":{"line":1,"column":0},"end":{"line":33,"column":1}},"loc":{"start":{"line":1,"column":0},"end":{"line":33,"column":1}},"line":1}},"f":{"0":0}}
,"C:\\Users\\Thomás\\Desktop\\nodejs\\metrics\\src\\lib\\prisma.ts": {"path":"C:\\Users\\Thomás\\Desktop\\nodejs\\metrics\\src\\lib\\prisma.ts","all":true,"statementMap":{"0":{"start":{"line":1,"column":0},"end":{"line":1,"column":45}},"1":{"start":{"line":2,"column":0},"end":{"line":2,"column":27}},"2":{"start":{"line":3,"column":0},"end":{"line":3,"column":0}},"3":{"start":{"line":4,"column":0},"end":{"line":4,"column":0}},"4":{"start":{"line":5,"column":0},"end":{"line":5,"column":40}},"5":{"start":{"line":6,"column":0},"end":{"line":6,"column":48}},"6":{"start":{"line":7,"column":0},"end":{"line":7,"column":2}}},"s":{"0":0,"1":0,"2":0,"3":0,"4":0,"5":0,"6":0},"branchMap":{"0":{"type":"branch","line":1,"loc":{"start":{"line":1,"column":0},"end":{"line":7,"column":2}},"locations":[{"start":{"line":1,"column":0},"end":{"line":7,"column":2}}]}},"b":{"0":[0]},"fnMap":{"0":{"name":"(empty-report)","decl":{"start":{"line":1,"column":0},"end":{"line":7,"column":2}},"loc":{"start":{"line":1,"column":0},"end":{"line":7,"column":2}},"line":1}},"f":{"0":0}}
,"C:\\Users\\Thomás\\Desktop\\nodejs\\metrics\\src\\repositories\\accounts-repository.ts": {"path":"C:\\Users\\Thomás\\Desktop\\nodejs\\metrics\\src\\repositories\\accounts-repository.ts","all":true,"statementMap":{"0":{"start":{"line":1,"column":0},"end":{"line":1,"column":48}},"1":{"start":{"line":2,"column":0},"end":{"line":2,"column":0}},"2":{"start":{"line":3,"column":0},"end":{"line":3,"column":37}},"3":{"start":{"line":4,"column":0},"end":{"line":4,"column":60}},"4":{"start":{"line":5,"column":0},"end":{"line":5,"column":51}},"5":{"start":{"line":6,"column":0},"end":{"line":6,"column":47}},"6":{"start":{"line":7,"column":0},"end":{"line":7,"column":84}},"7":{"start":{"line":8,"column":0},"end":{"line":8,"column":1}}},"s":{"0":0,"1":0,"2":0,"3":0,"4":0,"5":0,"6":0,"7":0},"branchMap":{"0":{"type":"branch","line":1,"loc":{"start":{"line":1,"column":0},"end":{"line":8,"column":1}},"locations":[{"start":{"line":1,"column":0},"end":{"line":8,"column":1}}]}},"b":{"0":[0]},"fnMap":{"0":{"name":"(empty-report)","decl":{"start":{"line":1,"column":0},"end":{"line":8,"column":1}},"loc":{"start":{"line":1,"column":0},"end":{"line":8,"column":1}},"line":1}},"f":{"0":0}}
,"C:\\Users\\Thomás\\Desktop\\nodejs\\metrics\\src\\repositories\\sectors-repository.ts": {"path":"C:\\Users\\Thomás\\Desktop\\nodejs\\metrics\\src\\repositories\\sectors-repository.ts","all":true,"statementMap":{"0":{"start":{"line":1,"column":0},"end":{"line":1,"column":45}},"1":{"start":{"line":2,"column":0},"end":{"line":2,"column":0}},"2":{"start":{"line":3,"column":0},"end":{"line":3,"column":36}},"3":{"start":{"line":4,"column":0},"end":{"line":4,"column":58}},"4":{"start":{"line":5,"column":0},"end":{"line":5,"column":50}},"5":{"start":{"line":6,"column":0},"end":{"line":6,"column":1}}},"s":{"0":0,"1":0,"2":0,"3":0,"4":0,"5":0},"branchMap":{"0":{"type":"branch","line":1,"loc":{"start":{"line":1,"column":0},"end":{"line":6,"column":1}},"locations":[{"start":{"line":1,"column":0},"end":{"line":6,"column":1}}]}},"b":{"0":[0]},"fnMap":{"0":{"name":"(empty-report)","decl":{"start":{"line":1,"column":0},"end":{"line":6,"column":1}},"loc":{"start":{"line":1,"column":0},"end":{"line":6,"column":1}},"line":1}},"f":{"0":0}}
,"C:\\Users\\Thomás\\Desktop\\nodejs\\metrics\\src\\repositories\\transactions-repository.ts": {"path":"C:\\Users\\Thomás\\Desktop\\nodejs\\metrics\\src\\repositories\\transactions-repository.ts","all":true,"statementMap":{"0":{"start":{"line":1,"column":0},"end":{"line":1,"column":50}},"1":{"start":{"line":2,"column":0},"end":{"line":2,"column":0}},"2":{"start":{"line":3,"column":0},"end":{"line":3,"column":41}},"3":{"start":{"line":4,"column":0},"end":{"line":4,"column":77}},"4":{"start":{"line":5,"column":0},"end":{"line":5,"column":1}}},"s":{"0":0,"1":0,"2":0,"3":0,"4":0},"branchMap":{"0":{"type":"branch","line":1,"loc":{"start":{"line":1,"column":0},"end":{"line":5,"column":1}},"locations":[{"start":{"line":1,"column":0},"end":{"line":5,"column":1}}]}},"b":{"0":[0]},"fnMap":{"0":{"name":"(empty-report)","decl":{"start":{"line":1,"column":0},"end":{"line":5,"column":1}},"loc":{"start":{"line":1,"column":0},"end":{"line":5,"column":1}},"line":1}},"f":{"0":0}}
,"C:\\Users\\Thomás\\Desktop\\nodejs\\metrics\\src\\repositories\\transfer-transactions-repository.ts": {"path":"C:\\Users\\Thomás\\Desktop\\nodejs\\metrics\\src\\repositories\\transfer-transactions-repository.ts","all":true,"statementMap":{"0":{"start":{"line":1,"column":0},"end":{"line":1,"column":58}},"1":{"start":{"line":2,"column":0},"end":{"line":2,"column":0}},"2":{"start":{"line":3,"column":0},"end":{"line":3,"column":49}},"3":{"start":{"line":4,"column":0},"end":{"line":4,"column":93}},"4":{"start":{"line":5,"column":0},"end":{"line":5,"column":1}}},"s":{"0":0,"1":0,"2":0,"3":0,"4":0},"branchMap":{"0":{"type":"branch","line":1,"loc":{"start":{"line":1,"column":0},"end":{"line":5,"column":1}},"locations":[{"start":{"line":1,"column":0},"end":{"line":5,"column":1}}]}},"b":{"0":[0]},"fnMap":{"0":{"name":"(empty-report)","decl":{"start":{"line":1,"column":0},"end":{"line":5,"column":1}},"loc":{"start":{"line":1,"column":0},"end":{"line":5,"column":1}},"line":1}},"f":{"0":0}}
,"C:\\Users\\Thomás\\Desktop\\nodejs\\metrics\\src\\repositories\\users-repository.ts": {"path":"C:\\Users\\Thomás\\Desktop\\nodejs\\metrics\\src\\repositories\\users-repository.ts","all":true,"statementMap":{"0":{"start":{"line":1,"column":0},"end":{"line":1,"column":43}},"1":{"start":{"line":2,"column":0},"end":{"line":2,"column":0}},"2":{"start":{"line":3,"column":0},"end":{"line":3,"column":34}},"3":{"start":{"line":4,"column":0},"end":{"line":4,"column":51}},"4":{"start":{"line":5,"column":0},"end":{"line":5,"column":45}},"5":{"start":{"line":6,"column":0},"end":{"line":6,"column":54}},"6":{"start":{"line":7,"column":0},"end":{"line":7,"column":1}}},"s":{"0":0,"1":0,"2":0,"3":0,"4":0,"5":0,"6":0},"branchMap":{"0":{"type":"branch","line":1,"loc":{"start":{"line":1,"column":0},"end":{"line":7,"column":1}},"locations":[{"start":{"line":1,"column":0},"end":{"line":7,"column":1}}]}},"b":{"0":[0]},"fnMap":{"0":{"name":"(empty-report)","decl":{"start":{"line":1,"column":0},"end":{"line":7,"column":1}},"loc":{"start":{"line":1,"column":0},"end":{"line":7,"column":1}},"line":1}},"f":{"0":0}}
,"C:\\Users\\Thomás\\Desktop\\nodejs\\metrics\\src\\repositories\\in-memory\\in-memory-accounts-repository.ts": {"path":"C:\\Users\\Thomás\\Desktop\\nodejs\\metrics\\src\\repositories\\in-memory\\in-memory-accounts-repository.ts","all":false,"statementMap":{"0":{"start":{"line":1,"column":0},"end":{"line":1,"column":48}},"1":{"start":{"line":2,"column":0},"end":{"line":2,"column":59}},"2":{"start":{"line":3,"column":0},"end":{"line":3,"column":40}},"3":{"start":{"line":4,"column":0},"end":{"line":4,"column":0}},"4":{"start":{"line":5,"column":0},"end":{"line":5,"column":0}},"5":{"start":{"line":6,"column":0},"end":{"line":6,"column":0}},"6":{"start":{"line":7,"column":0},"end":{"line":7,"column":0}},"7":{"start":{"line":8,"column":0},"end":{"line":8,"column":71}},"8":{"start":{"line":9,"column":0},"end":{"line":9,"column":0}},"9":{"start":{"line":10,"column":0},"end":{"line":10,"column":0}},"10":{"start":{"line":11,"column":0},"end":{"line":11,"column":32}},"11":{"start":{"line":12,"column":0},"end":{"line":12,"column":0}},"12":{"start":{"line":13,"column":0},"end":{"line":13,"column":70}},"13":{"start":{"line":14,"column":0},"end":{"line":14,"column":47}},"14":{"start":{"line":15,"column":0},"end":{"line":15,"column":0}},"15":{"start":{"line":16,"column":0},"end":{"line":16,"column":21}},"16":{"start":{"line":17,"column":0},"end":{"line":17,"column":0}},"17":{"start":{"line":18,"column":0},"end":{"line":18,"column":76}},"18":{"start":{"line":19,"column":0},"end":{"line":19,"column":72}},"19":{"start":{"line":20,"column":0},"end":{"line":20,"column":23}},"20":{"start":{"line":21,"column":0},"end":{"line":21,"column":9}},"21":{"start":{"line":22,"column":0},"end":{"line":22,"column":20}},"22":{"start":{"line":23,"column":0},"end":{"line":23,"column":5}},"23":{"start":{"line":24,"column":0},"end":{"line":24,"column":36}},"24":{"start":{"line":25,"column":0},"end":{"line":25,"column":67}},"25":{"start":{"line":26,"column":0},"end":{"line":26,"column":0}},"26":{"start":{"line":27,"column":0},"end":{"line":27,"column":23}},"27":{"start":{"line":28,"column":0},"end":{"line":28,"column":23}},"28":{"start":{"line":29,"column":0},"end":{"line":29,"column":9}},"29":{"start":{"line":30,"column":0},"end":{"line":30,"column":22}},"30":{"start":{"line":31,"column":0},"end":{"line":31,"column":5}},"31":{"start":{"line":32,"column":0},"end":{"line":32,"column":32}},"32":{"start":{"line":33,"column":0},"end":{"line":33,"column":0}},"33":{"start":{"line":34,"column":0},"end":{"line":34,"column":63}},"34":{"start":{"line":35,"column":0},"end":{"line":35,"column":0}},"35":{"start":{"line":36,"column":0},"end":{"line":36,"column":23}},"36":{"start":{"line":37,"column":0},"end":{"line":37,"column":23}},"37":{"start":{"line":38,"column":0},"end":{"line":38,"column":9}},"38":{"start":{"line":39,"column":0},"end":{"line":39,"column":22}},"39":{"start":{"line":40,"column":0},"end":{"line":40,"column":5}},"40":{"start":{"line":41,"column":0},"end":{"line":41,"column":0}},"41":{"start":{"line":42,"column":0},"end":{"line":42,"column":51}},"42":{"start":{"line":43,"column":0},"end":{"line":43,"column":25}},"43":{"start":{"line":44,"column":0},"end":{"line":44,"column":29}},"44":{"start":{"line":45,"column":0},"end":{"line":45,"column":28}},"45":{"start":{"line":46,"column":0},"end":{"line":46,"column":50}},"46":{"start":{"line":47,"column":0},"end":{"line":47,"column":55}},"47":{"start":{"line":48,"column":0},"end":{"line":48,"column":33}},"48":{"start":{"line":49,"column":0},"end":{"line":49,"column":9}},"49":{"start":{"line":50,"column":0},"end":{"line":50,"column":32}},"50":{"start":{"line":51,"column":0},"end":{"line":51,"column":22}},"51":{"start":{"line":52,"column":0},"end":{"line":52,"column":5}},"52":{"start":{"line":53,"column":0},"end":{"line":53,"column":1}}},"s":{"0":1,"1":1,"2":1,"3":1,"4":1,"5":1,"6":1,"7":1,"8":8,"9":8,"10":8,"11":1,"12":1,"13":5,"14":5,"15":5,"16":2,"17":2,"18":2,"19":2,"20":2,"21":3,"22":5,"23":1,"24":4,"25":4,"26":4,"27":3,"28":3,"29":1,"30":4,"31":1,"32":5,"33":5,"34":5,"35":5,"36":3,"37":3,"38":2,"39":5,"40":1,"41":1,"42":8,"43":8,"44":8,"45":8,"46":8,"47":8,"48":8,"49":8,"50":8,"51":8,"52":1},"branchMap":{"0":{"type":"branch","line":8,"loc":{"start":{"line":8,"column":7},"end":{"line":11,"column":32}},"locations":[{"start":{"line":8,"column":7},"end":{"line":11,"column":32}}]},"1":{"type":"branch","line":13,"loc":{"start":{"line":13,"column":4},"end":{"line":23,"column":5}},"locations":[{"start":{"line":13,"column":4},"end":{"line":23,"column":5}}]},"2":{"type":"branch","line":16,"loc":{"start":{"line":16,"column":20},"end":{"line":21,"column":9}},"locations":[{"start":{"line":16,"column":20},"end":{"line":21,"column":9}}]},"3":{"type":"branch","line":19,"loc":{"start":{"line":19,"column":12},"end":{"line":19,"column":49}},"locations":[{"start":{"line":19,"column":12},"end":{"line":19,"column":49}}]},"4":{"type":"branch","line":19,"loc":{"start":{"line":19,"column":41},"end":{"line":19,"column":72}},"locations":[{"start":{"line":19,"column":41},"end":{"line":19,"column":72}}]},"5":{"type":"branch","line":21,"loc":{"start":{"line":21,"column":8},"end":{"line":22,"column":20}},"locations":[{"start":{"line":21,"column":8},"end":{"line":22,"column":20}}]},"6":{"type":"branch","line":24,"loc":{"start":{"line":24,"column":4},"end":{"line":31,"column":5}},"locations":[{"start":{"line":24,"column":4},"end":{"line":31,"column":5}}]},"7":{"type":"branch","line":27,"loc":{"start":{"line":27,"column":22},"end":{"line":29,"column":9}},"locations":[{"start":{"line":27,"column":22},"end":{"line":29,"column":9}}]},"8":{"type":"branch","line":29,"loc":{"start":{"line":29,"column":8},"end":{"line":30,"column":22}},"locations":[{"start":{"line":29,"column":8},"end":{"line":30,"column":22}}]},"9":{"type":"branch","line":25,"loc":{"start":{"line":25,"column":40},"end":{"line":25,"column":66}},"locations":[{"start":{"line":25,"column":40},"end":{"line":25,"column":66}}]},"10":{"type":"branch","line":32,"loc":{"start":{"line":32,"column":4},"end":{"line":40,"column":5}},"locations":[{"start":{"line":32,"column":4},"end":{"line":40,"column":5}}]},"11":{"type":"branch","line":36,"loc":{"start":{"line":36,"column":22},"end":{"line":38,"column":9}},"locations":[{"start":{"line":36,"column":22},"end":{"line":38,"column":9}}]},"12":{"type":"branch","line":38,"loc":{"start":{"line":38,"column":8},"end":{"line":39,"column":22}},"locations":[{"start":{"line":38,"column":8},"end":{"line":39,"column":22}}]},"13":{"type":"branch","line":34,"loc":{"start":{"line":34,"column":40},"end":{"line":34,"column":62}},"locations":[{"start":{"line":34,"column":40},"end":{"line":34,"column":62}}]},"14":{"type":"branch","line":42,"loc":{"start":{"line":42,"column":4},"end":{"line":52,"column":5}},"locations":[{"start":{"line":42,"column":4},"end":{"line":52,"column":5}}]},"15":{"type":"branch","line":46,"loc":{"start":{"line":46,"column":30},"end":{"line":46,"column":50}},"locations":[{"start":{"line":46,"column":30},"end":{"line":46,"column":50}}]},"16":{"type":"branch","line":47,"loc":{"start":{"line":47,"column":23},"end":{"line":47,"column":50}},"locations":[{"start":{"line":47,"column":23},"end":{"line":47,"column":50}}]},"17":{"type":"branch","line":47,"loc":{"start":{"line":47,"column":46},"end":{"line":47,"column":55}},"locations":[{"start":{"line":47,"column":46},"end":{"line":47,"column":55}}]}},"b":{"0":[8],"1":[5],"2":[2],"3":[1],"4":[1],"5":[3],"6":[4],"7":[3],"8":[1],"9":[1],"10":[5],"11":[3],"12":[2],"13":[3],"14":[8],"15":[6],"16":[2],"17":[6]},"fnMap":{"0":{"name":"InMemoryAccountsRepository","decl":{"start":{"line":8,"column":7},"end":{"line":11,"column":32}},"loc":{"start":{"line":8,"column":7},"end":{"line":11,"column":32}},"line":8},"1":{"name":"changeBalance","decl":{"start":{"line":13,"column":4},"end":{"line":23,"column":5}},"loc":{"start":{"line":13,"column":4},"end":{"line":23,"column":5}},"line":13},"2":{"name":"findByName","decl":{"start":{"line":24,"column":4},"end":{"line":31,"column":5}},"loc":{"start":{"line":24,"column":4},"end":{"line":31,"column":5}},"line":24},"3":{"name":"findById","decl":{"start":{"line":32,"column":4},"end":{"line":40,"column":5}},"loc":{"start":{"line":32,"column":4},"end":{"line":40,"column":5}},"line":32},"4":{"name":"create","decl":{"start":{"line":42,"column":4},"end":{"line":52,"column":5}},"loc":{"start":{"line":42,"column":4},"end":{"line":52,"column":5}},"line":42}},"f":{"0":8,"1":5,"2":4,"3":5,"4":8}}
,"C:\\Users\\Thomás\\Desktop\\nodejs\\metrics\\src\\repositories\\in-memory\\in-memory-sectors-repository.ts": {"path":"C:\\Users\\Thomás\\Desktop\\nodejs\\metrics\\src\\repositories\\in-memory\\in-memory-sectors-repository.ts","all":false,"statementMap":{"0":{"start":{"line":1,"column":0},"end":{"line":1,"column":47}},"1":{"start":{"line":2,"column":0},"end":{"line":2,"column":57}},"2":{"start":{"line":3,"column":0},"end":{"line":3,"column":40}},"3":{"start":{"line":4,"column":0},"end":{"line":4,"column":0}},"4":{"start":{"line":5,"column":0},"end":{"line":5,"column":0}},"5":{"start":{"line":6,"column":0},"end":{"line":6,"column":0}},"6":{"start":{"line":7,"column":0},"end":{"line":7,"column":69}},"7":{"start":{"line":8,"column":0},"end":{"line":8,"column":0}},"8":{"start":{"line":9,"column":0},"end":{"line":9,"column":31}},"9":{"start":{"line":10,"column":0},"end":{"line":10,"column":36}},"10":{"start":{"line":11,"column":0},"end":{"line":11,"column":66}},"11":{"start":{"line":12,"column":0},"end":{"line":12,"column":0}},"12":{"start":{"line":13,"column":0},"end":{"line":13,"column":22}},"13":{"start":{"line":14,"column":0},"end":{"line":14,"column":23}},"14":{"start":{"line":15,"column":0},"end":{"line":15,"column":9}},"15":{"start":{"line":16,"column":0},"end":{"line":16,"column":21}},"16":{"start":{"line":17,"column":0},"end":{"line":17,"column":5}},"17":{"start":{"line":18,"column":0},"end":{"line":18,"column":0}},"18":{"start":{"line":19,"column":0},"end":{"line":19,"column":50}},"19":{"start":{"line":20,"column":0},"end":{"line":20,"column":24}},"20":{"start":{"line":21,"column":0},"end":{"line":21,"column":29}},"21":{"start":{"line":22,"column":0},"end":{"line":22,"column":28}},"22":{"start":{"line":23,"column":0},"end":{"line":23,"column":40}},"23":{"start":{"line":24,"column":0},"end":{"line":24,"column":9}},"24":{"start":{"line":25,"column":0},"end":{"line":25,"column":31}},"25":{"start":{"line":26,"column":0},"end":{"line":26,"column":21}},"26":{"start":{"line":27,"column":0},"end":{"line":27,"column":5}},"27":{"start":{"line":28,"column":0},"end":{"line":28,"column":1}}},"s":{"0":1,"1":1,"2":1,"3":1,"4":1,"5":1,"6":1,"7":2,"8":2,"9":1,"10":3,"11":3,"12":3,"13":2,"14":2,"15":1,"16":3,"17":1,"18":1,"19":2,"20":2,"21":2,"22":2,"23":2,"24":2,"25":2,"26":2,"27":1},"branchMap":{"0":{"type":"branch","line":7,"loc":{"start":{"line":7,"column":7},"end":{"line":9,"column":31}},"locations":[{"start":{"line":7,"column":7},"end":{"line":9,"column":31}}]},"1":{"type":"branch","line":10,"loc":{"start":{"line":10,"column":4},"end":{"line":17,"column":5}},"locations":[{"start":{"line":10,"column":4},"end":{"line":17,"column":5}}]},"2":{"type":"branch","line":13,"loc":{"start":{"line":13,"column":21},"end":{"line":15,"column":9}},"locations":[{"start":{"line":13,"column":21},"end":{"line":15,"column":9}}]},"3":{"type":"branch","line":15,"loc":{"start":{"line":15,"column":8},"end":{"line":16,"column":21}},"locations":[{"start":{"line":15,"column":8},"end":{"line":16,"column":21}}]},"4":{"type":"branch","line":11,"loc":{"start":{"line":11,"column":39},"end":{"line":11,"column":65}},"locations":[{"start":{"line":11,"column":39},"end":{"line":11,"column":65}}]},"5":{"type":"branch","line":19,"loc":{"start":{"line":19,"column":4},"end":{"line":27,"column":5}},"locations":[{"start":{"line":19,"column":4},"end":{"line":27,"column":5}}]},"6":{"type":"branch","line":23,"loc":{"start":{"line":23,"column":25},"end":{"line":23,"column":40}},"locations":[{"start":{"line":23,"column":25},"end":{"line":23,"column":40}}]}},"b":{"0":[2],"1":[3],"2":[2],"3":[1],"4":[1],"5":[2],"6":[0]},"fnMap":{"0":{"name":"InMemorySectorsRepository","decl":{"start":{"line":7,"column":7},"end":{"line":9,"column":31}},"loc":{"start":{"line":7,"column":7},"end":{"line":9,"column":31}},"line":7},"1":{"name":"findByName","decl":{"start":{"line":10,"column":4},"end":{"line":17,"column":5}},"loc":{"start":{"line":10,"column":4},"end":{"line":17,"column":5}},"line":10},"2":{"name":"create","decl":{"start":{"line":19,"column":4},"end":{"line":27,"column":5}},"loc":{"start":{"line":19,"column":4},"end":{"line":27,"column":5}},"line":19}},"f":{"0":2,"1":3,"2":2}}
,"C:\\Users\\Thomás\\Desktop\\nodejs\\metrics\\src\\repositories\\in-memory\\in-memory-transactions-repository.ts": {"path":"C:\\Users\\Thomás\\Desktop\\nodejs\\metrics\\src\\repositories\\in-memory\\in-memory-transactions-repository.ts","all":false,"statementMap":{"0":{"start":{"line":1,"column":0},"end":{"line":1,"column":52}},"1":{"start":{"line":2,"column":0},"end":{"line":2,"column":67}},"2":{"start":{"line":3,"column":0},"end":{"line":3,"column":40}},"3":{"start":{"line":4,"column":0},"end":{"line":4,"column":0}},"4":{"start":{"line":5,"column":0},"end":{"line":5,"column":0}},"5":{"start":{"line":6,"column":0},"end":{"line":6,"column":0}},"6":{"start":{"line":7,"column":0},"end":{"line":7,"column":0}},"7":{"start":{"line":8,"column":0},"end":{"line":8,"column":0}},"8":{"start":{"line":9,"column":0},"end":{"line":9,"column":79}},"9":{"start":{"line":10,"column":0},"end":{"line":10,"column":0}},"10":{"start":{"line":11,"column":0},"end":{"line":11,"column":36}},"11":{"start":{"line":12,"column":0},"end":{"line":12,"column":0}},"12":{"start":{"line":13,"column":0},"end":{"line":13,"column":64}},"13":{"start":{"line":14,"column":0},"end":{"line":14,"column":29}},"14":{"start":{"line":15,"column":0},"end":{"line":15,"column":29}},"15":{"start":{"line":16,"column":0},"end":{"line":16,"column":38}},"16":{"start":{"line":17,"column":0},"end":{"line":17,"column":32}},"17":{"start":{"line":18,"column":0},"end":{"line":18,"column":40}},"18":{"start":{"line":19,"column":0},"end":{"line":19,"column":64}},"19":{"start":{"line":20,"column":0},"end":{"line":20,"column":46}},"20":{"start":{"line":21,"column":0},"end":{"line":21,"column":50}},"21":{"start":{"line":22,"column":0},"end":{"line":22,"column":47}},"22":{"start":{"line":23,"column":0},"end":{"line":23,"column":9}},"23":{"start":{"line":24,"column":0},"end":{"line":24,"column":36}},"24":{"start":{"line":25,"column":0},"end":{"line":25,"column":26}},"25":{"start":{"line":26,"column":0},"end":{"line":26,"column":5}},"26":{"start":{"line":27,"column":0},"end":{"line":27,"column":1}}},"s":{"0":1,"1":1,"2":1,"3":1,"4":1,"5":1,"6":1,"7":1,"8":1,"9":5,"10":5,"11":1,"12":1,"13":7,"14":7,"15":7,"16":7,"17":7,"18":7,"19":7,"20":7,"21":7,"22":7,"23":7,"24":7,"25":7,"26":1},"branchMap":{"0":{"type":"branch","line":9,"loc":{"start":{"line":9,"column":7},"end":{"line":11,"column":36}},"locations":[{"start":{"line":9,"column":7},"end":{"line":11,"column":36}}]},"1":{"type":"branch","line":13,"loc":{"start":{"line":13,"column":4},"end":{"line":26,"column":5}},"locations":[{"start":{"line":13,"column":4},"end":{"line":26,"column":5}}]},"2":{"type":"branch","line":19,"loc":{"start":{"line":19,"column":48},"end":{"line":19,"column":64}},"locations":[{"start":{"line":19,"column":48},"end":{"line":19,"column":64}}]},"3":{"type":"branch","line":20,"loc":{"start":{"line":20,"column":28},"end":{"line":20,"column":46}},"locations":[{"start":{"line":20,"column":28},"end":{"line":20,"column":46}}]},"4":{"type":"branch","line":21,"loc":{"start":{"line":21,"column":30},"end":{"line":21,"column":50}},"locations":[{"start":{"line":21,"column":30},"end":{"line":21,"column":50}}]},"5":{"type":"branch","line":22,"loc":{"start":{"line":22,"column":28},"end":{"line":22,"column":47}},"locations":[{"start":{"line":22,"column":28},"end":{"line":22,"column":47}}]}},"b":{"0":[5],"1":[7],"2":[0],"3":[0],"4":[2],"5":[0]},"fnMap":{"0":{"name":"InMemoryTransactionsRepository","decl":{"start":{"line":9,"column":7},"end":{"line":11,"column":36}},"loc":{"start":{"line":9,"column":7},"end":{"line":11,"column":36}},"line":9},"1":{"name":"create","decl":{"start":{"line":13,"column":4},"end":{"line":26,"column":5}},"loc":{"start":{"line":13,"column":4},"end":{"line":26,"column":5}},"line":13}},"f":{"0":5,"1":7}}
,"C:\\Users\\Thomás\\Desktop\\nodejs\\metrics\\src\\repositories\\in-memory\\in-memory-transfer-transactions-repository.ts": {"path":"C:\\Users\\Thomás\\Desktop\\nodejs\\metrics\\src\\repositories\\in-memory\\in-memory-transfer-transactions-repository.ts","all":false,"statementMap":{"0":{"start":{"line":1,"column":0},"end":{"line":1,"column":60}},"1":{"start":{"line":2,"column":0},"end":{"line":2,"column":84}},"2":{"start":{"line":3,"column":0},"end":{"line":3,"column":40}},"3":{"start":{"line":4,"column":0},"end":{"line":4,"column":0}},"4":{"start":{"line":5,"column":0},"end":{"line":5,"column":0}},"5":{"start":{"line":6,"column":0},"end":{"line":6,"column":0}},"6":{"start":{"line":7,"column":0},"end":{"line":7,"column":0}},"7":{"start":{"line":8,"column":0},"end":{"line":8,"column":0}},"8":{"start":{"line":9,"column":0},"end":{"line":9,"column":95}},"9":{"start":{"line":10,"column":0},"end":{"line":10,"column":0}},"10":{"start":{"line":11,"column":0},"end":{"line":11,"column":44}},"11":{"start":{"line":12,"column":0},"end":{"line":12,"column":0}},"12":{"start":{"line":13,"column":0},"end":{"line":13,"column":72}},"13":{"start":{"line":14,"column":0},"end":{"line":14,"column":29}},"14":{"start":{"line":15,"column":0},"end":{"line":15,"column":29}},"15":{"start":{"line":16,"column":0},"end":{"line":16,"column":64}},"16":{"start":{"line":17,"column":0},"end":{"line":17,"column":47}},"17":{"start":{"line":18,"column":0},"end":{"line":18,"column":9}},"18":{"start":{"line":19,"column":0},"end":{"line":19,"column":36}},"19":{"start":{"line":20,"column":0},"end":{"line":20,"column":26}},"20":{"start":{"line":21,"column":0},"end":{"line":21,"column":5}},"21":{"start":{"line":22,"column":0},"end":{"line":22,"column":1}}},"s":{"0":1,"1":1,"2":1,"3":1,"4":1,"5":1,"6":1,"7":1,"8":1,"9":5,"10":5,"11":1,"12":1,"13":2,"14":2,"15":2,"16":2,"17":2,"18":2,"19":2,"20":2,"21":1},"branchMap":{"0":{"type":"branch","line":9,"loc":{"start":{"line":9,"column":7},"end":{"line":11,"column":44}},"locations":[{"start":{"line":9,"column":7},"end":{"line":11,"column":44}}]},"1":{"type":"branch","line":13,"loc":{"start":{"line":13,"column":4},"end":{"line":21,"column":5}},"locations":[{"start":{"line":13,"column":4},"end":{"line":21,"column":5}}]}},"b":{"0":[5],"1":[2]},"fnMap":{"0":{"name":"InMemoryTransferTransactionsRepository","decl":{"start":{"line":9,"column":7},"end":{"line":11,"column":44}},"loc":{"start":{"line":9,"column":7},"end":{"line":11,"column":44}},"line":9},"1":{"name":"create","decl":{"start":{"line":13,"column":4},"end":{"line":21,"column":5}},"loc":{"start":{"line":13,"column":4},"end":{"line":21,"column":5}},"line":13}},"f":{"0":5,"1":2}}
,"C:\\Users\\Thomás\\Desktop\\nodejs\\metrics\\src\\repositories\\in-memory\\in-memory-users-repository.ts": {"path":"C:\\Users\\Thomás\\Desktop\\nodejs\\metrics\\src\\repositories\\in-memory\\in-memory-users-repository.ts","all":false,"statementMap":{"0":{"start":{"line":1,"column":0},"end":{"line":1,"column":43}},"1":{"start":{"line":2,"column":0},"end":{"line":2,"column":53}},"2":{"start":{"line":3,"column":0},"end":{"line":3,"column":40}},"3":{"start":{"line":4,"column":0},"end":{"line":4,"column":0}},"4":{"start":{"line":5,"column":0},"end":{"line":5,"column":65}},"5":{"start":{"line":6,"column":0},"end":{"line":6,"column":0}},"6":{"start":{"line":7,"column":0},"end":{"line":7,"column":29}},"7":{"start":{"line":8,"column":0},"end":{"line":8,"column":31}},"8":{"start":{"line":9,"column":0},"end":{"line":9,"column":60}},"9":{"start":{"line":10,"column":0},"end":{"line":10,"column":0}},"10":{"start":{"line":11,"column":0},"end":{"line":11,"column":18}},"11":{"start":{"line":12,"column":0},"end":{"line":12,"column":23}},"12":{"start":{"line":13,"column":0},"end":{"line":13,"column":9}},"13":{"start":{"line":14,"column":0},"end":{"line":14,"column":19}},"14":{"start":{"line":15,"column":0},"end":{"line":15,"column":5}},"15":{"start":{"line":16,"column":0},"end":{"line":16,"column":37}},"16":{"start":{"line":17,"column":0},"end":{"line":17,"column":66}},"17":{"start":{"line":18,"column":0},"end":{"line":18,"column":0}},"18":{"start":{"line":19,"column":0},"end":{"line":19,"column":18}},"19":{"start":{"line":20,"column":0},"end":{"line":20,"column":23}},"20":{"start":{"line":21,"column":0},"end":{"line":21,"column":9}},"21":{"start":{"line":22,"column":0},"end":{"line":22,"column":19}},"22":{"start":{"line":23,"column":0},"end":{"line":23,"column":5}},"23":{"start":{"line":24,"column":0},"end":{"line":24,"column":47}},"24":{"start":{"line":25,"column":0},"end":{"line":25,"column":22}},"25":{"start":{"line":26,"column":0},"end":{"line":26,"column":29}},"26":{"start":{"line":27,"column":0},"end":{"line":27,"column":28}},"27":{"start":{"line":28,"column":0},"end":{"line":28,"column":30}},"28":{"start":{"line":29,"column":0},"end":{"line":29,"column":46}},"29":{"start":{"line":30,"column":0},"end":{"line":30,"column":34}},"30":{"start":{"line":31,"column":0},"end":{"line":31,"column":9}},"31":{"start":{"line":32,"column":0},"end":{"line":32,"column":29}},"32":{"start":{"line":33,"column":0},"end":{"line":33,"column":19}},"33":{"start":{"line":34,"column":0},"end":{"line":34,"column":5}},"34":{"start":{"line":35,"column":0},"end":{"line":35,"column":1}}},"s":{"0":1,"1":1,"2":1,"3":1,"4":1,"5":8,"6":8,"7":1,"8":2,"9":2,"10":2,"11":1,"12":1,"13":1,"14":2,"15":1,"16":7,"17":7,"18":7,"19":4,"20":4,"21":3,"22":7,"23":1,"24":6,"25":6,"26":6,"27":6,"28":6,"29":6,"30":6,"31":6,"32":6,"33":6,"34":1},"branchMap":{"0":{"type":"branch","line":5,"loc":{"start":{"line":5,"column":7},"end":{"line":7,"column":29}},"locations":[{"start":{"line":5,"column":7},"end":{"line":7,"column":29}}]},"1":{"type":"branch","line":8,"loc":{"start":{"line":8,"column":4},"end":{"line":15,"column":5}},"locations":[{"start":{"line":8,"column":4},"end":{"line":15,"column":5}}]},"2":{"type":"branch","line":11,"loc":{"start":{"line":11,"column":17},"end":{"line":14,"column":19}},"locations":[{"start":{"line":11,"column":17},"end":{"line":14,"column":19}}]},"3":{"type":"branch","line":9,"loc":{"start":{"line":9,"column":37},"end":{"line":9,"column":59}},"locations":[{"start":{"line":9,"column":37},"end":{"line":9,"column":59}}]},"4":{"type":"branch","line":16,"loc":{"start":{"line":16,"column":4},"end":{"line":23,"column":5}},"locations":[{"start":{"line":16,"column":4},"end":{"line":23,"column":5}}]},"5":{"type":"branch","line":19,"loc":{"start":{"line":19,"column":17},"end":{"line":21,"column":9}},"locations":[{"start":{"line":19,"column":17},"end":{"line":21,"column":9}}]},"6":{"type":"branch","line":21,"loc":{"start":{"line":21,"column":8},"end":{"line":22,"column":19}},"locations":[{"start":{"line":21,"column":8},"end":{"line":22,"column":19}}]},"7":{"type":"branch","line":17,"loc":{"start":{"line":17,"column":37},"end":{"line":17,"column":65}},"locations":[{"start":{"line":17,"column":37},"end":{"line":17,"column":65}}]},"8":{"type":"branch","line":24,"loc":{"start":{"line":24,"column":4},"end":{"line":34,"column":5}},"locations":[{"start":{"line":24,"column":4},"end":{"line":34,"column":5}}]}},"b":{"0":[8],"1":[2],"2":[1],"3":[1],"4":[7],"5":[4],"6":[3],"7":[3],"8":[6]},"fnMap":{"0":{"name":"InMemoryUsersRepository","decl":{"start":{"line":5,"column":7},"end":{"line":7,"column":29}},"loc":{"start":{"line":5,"column":7},"end":{"line":7,"column":29}},"line":5},"1":{"name":"findById","decl":{"start":{"line":8,"column":4},"end":{"line":15,"column":5}},"loc":{"start":{"line":8,"column":4},"end":{"line":15,"column":5}},"line":8},"2":{"name":"findByEmail","decl":{"start":{"line":16,"column":4},"end":{"line":23,"column":5}},"loc":{"start":{"line":16,"column":4},"end":{"line":23,"column":5}},"line":16},"3":{"name":"create","decl":{"start":{"line":24,"column":4},"end":{"line":34,"column":5}},"loc":{"start":{"line":24,"column":4},"end":{"line":34,"column":5}},"line":24}},"f":{"0":8,"1":2,"2":7,"3":6}}
,"C:\\Users\\Thomás\\Desktop\\nodejs\\metrics\\src\\repositories\\prisma\\prisma-accounts-repository.ts": {"path":"C:\\Users\\Thomás\\Desktop\\nodejs\\metrics\\src\\repositories\\prisma\\prisma-accounts-repository.ts","all":true,"statementMap":{"0":{"start":{"line":1,"column":0},"end":{"line":1,"column":37}},"1":{"start":{"line":2,"column":0},"end":{"line":2,"column":39}},"2":{"start":{"line":3,"column":0},"end":{"line":3,"column":59}},"3":{"start":{"line":4,"column":0},"end":{"line":4,"column":0}},"4":{"start":{"line":5,"column":0},"end":{"line":5,"column":69}},"5":{"start":{"line":6,"column":0},"end":{"line":6,"column":50}},"6":{"start":{"line":7,"column":0},"end":{"line":7,"column":53}},"7":{"start":{"line":8,"column":0},"end":{"line":8,"column":16}},"8":{"start":{"line":9,"column":0},"end":{"line":9,"column":10}},"9":{"start":{"line":10,"column":0},"end":{"line":10,"column":22}},"10":{"start":{"line":11,"column":0},"end":{"line":11,"column":5}},"11":{"start":{"line":12,"column":0},"end":{"line":12,"column":36}},"12":{"start":{"line":13,"column":0},"end":{"line":13,"column":56}},"13":{"start":{"line":14,"column":0},"end":{"line":14,"column":20}},"14":{"start":{"line":15,"column":0},"end":{"line":15,"column":20}},"15":{"start":{"line":16,"column":0},"end":{"line":16,"column":13}},"16":{"start":{"line":17,"column":0},"end":{"line":17,"column":10}},"17":{"start":{"line":18,"column":0},"end":{"line":18,"column":22}},"18":{"start":{"line":19,"column":0},"end":{"line":19,"column":5}},"19":{"start":{"line":20,"column":0},"end":{"line":20,"column":31}},"20":{"start":{"line":21,"column":0},"end":{"line":21,"column":57}},"21":{"start":{"line":22,"column":0},"end":{"line":22,"column":20}},"22":{"start":{"line":23,"column":0},"end":{"line":23,"column":18}},"23":{"start":{"line":24,"column":0},"end":{"line":24,"column":13}},"24":{"start":{"line":25,"column":0},"end":{"line":25,"column":10}},"25":{"start":{"line":26,"column":0},"end":{"line":26,"column":22}},"26":{"start":{"line":27,"column":0},"end":{"line":27,"column":5}},"27":{"start":{"line":28,"column":0},"end":{"line":28,"column":75}},"28":{"start":{"line":29,"column":0},"end":{"line":29,"column":47}},"29":{"start":{"line":30,"column":0},"end":{"line":30,"column":21}},"30":{"start":{"line":31,"column":0},"end":{"line":31,"column":76}},"31":{"start":{"line":32,"column":0},"end":{"line":32,"column":77}},"32":{"start":{"line":33,"column":0},"end":{"line":33,"column":23}},"33":{"start":{"line":34,"column":0},"end":{"line":34,"column":9}},"34":{"start":{"line":35,"column":0},"end":{"line":35,"column":20}},"35":{"start":{"line":36,"column":0},"end":{"line":36,"column":5}},"36":{"start":{"line":37,"column":0},"end":{"line":37,"column":0}},"37":{"start":{"line":38,"column":0},"end":{"line":38,"column":0}},"38":{"start":{"line":39,"column":0},"end":{"line":39,"column":0}},"39":{"start":{"line":40,"column":0},"end":{"line":40,"column":1}}},"s":{"0":0,"1":0,"2":0,"3":0,"4":0,"5":0,"6":0,"7":0,"8":0,"9":0,"10":0,"11":0,"12":0,"13":0,"14":0,"15":0,"16":0,"17":0,"18":0,"19":0,"20":0,"21":0,"22":0,"23":0,"24":0,"25":0,"26":0,"27":0,"28":0,"29":0,"30":0,"31":0,"32":0,"33":0,"34":0,"35":0,"36":0,"37":0,"38":0,"39":0},"branchMap":{"0":{"type":"branch","line":1,"loc":{"start":{"line":1,"column":0},"end":{"line":40,"column":1}},"locations":[{"start":{"line":1,"column":0},"end":{"line":40,"column":1}}]}},"b":{"0":[0]},"fnMap":{"0":{"name":"(empty-report)","decl":{"start":{"line":1,"column":0},"end":{"line":40,"column":1}},"loc":{"start":{"line":1,"column":0},"end":{"line":40,"column":1}},"line":1}},"f":{"0":0}}
,"C:\\Users\\Thomás\\Desktop\\nodejs\\metrics\\src\\repositories\\prisma\\prisma-sectors-repository.ts": {"path":"C:\\Users\\Thomás\\Desktop\\nodejs\\metrics\\src\\repositories\\prisma\\prisma-sectors-repository.ts","all":true,"statementMap":{"0":{"start":{"line":1,"column":0},"end":{"line":1,"column":39}},"1":{"start":{"line":2,"column":0},"end":{"line":2,"column":57}},"2":{"start":{"line":3,"column":0},"end":{"line":3,"column":0}},"3":{"start":{"line":4,"column":0},"end":{"line":4,"column":37}},"4":{"start":{"line":5,"column":0},"end":{"line":5,"column":0}},"5":{"start":{"line":6,"column":0},"end":{"line":6,"column":0}},"6":{"start":{"line":7,"column":0},"end":{"line":7,"column":0}},"7":{"start":{"line":8,"column":0},"end":{"line":8,"column":67}},"8":{"start":{"line":9,"column":0},"end":{"line":9,"column":0}},"9":{"start":{"line":10,"column":0},"end":{"line":10,"column":36}},"10":{"start":{"line":11,"column":0},"end":{"line":11,"column":48}},"11":{"start":{"line":12,"column":0},"end":{"line":12,"column":20}},"12":{"start":{"line":13,"column":0},"end":{"line":13,"column":20}},"13":{"start":{"line":14,"column":0},"end":{"line":14,"column":13}},"14":{"start":{"line":15,"column":0},"end":{"line":15,"column":10}},"15":{"start":{"line":16,"column":0},"end":{"line":16,"column":0}},"16":{"start":{"line":17,"column":0},"end":{"line":17,"column":22}},"17":{"start":{"line":18,"column":0},"end":{"line":18,"column":23}},"18":{"start":{"line":19,"column":0},"end":{"line":19,"column":9}},"19":{"start":{"line":20,"column":0},"end":{"line":20,"column":21}},"20":{"start":{"line":21,"column":0},"end":{"line":21,"column":5}},"21":{"start":{"line":22,"column":0},"end":{"line":22,"column":0}},"22":{"start":{"line":23,"column":0},"end":{"line":23,"column":50}},"23":{"start":{"line":24,"column":0},"end":{"line":24,"column":45}},"24":{"start":{"line":25,"column":0},"end":{"line":25,"column":16}},"25":{"start":{"line":26,"column":0},"end":{"line":26,"column":10}},"26":{"start":{"line":27,"column":0},"end":{"line":27,"column":21}},"27":{"start":{"line":28,"column":0},"end":{"line":28,"column":5}},"28":{"start":{"line":29,"column":0},"end":{"line":29,"column":1}}},"s":{"0":0,"1":0,"2":0,"3":0,"4":0,"5":0,"6":0,"7":0,"8":0,"9":0,"10":0,"11":0,"12":0,"13":0,"14":0,"15":0,"16":0,"17":0,"18":0,"19":0,"20":0,"21":0,"22":0,"23":0,"24":0,"25":0,"26":0,"27":0,"28":0},"branchMap":{"0":{"type":"branch","line":1,"loc":{"start":{"line":1,"column":0},"end":{"line":29,"column":1}},"locations":[{"start":{"line":1,"column":0},"end":{"line":29,"column":1}}]}},"b":{"0":[0]},"fnMap":{"0":{"name":"(empty-report)","decl":{"start":{"line":1,"column":0},"end":{"line":29,"column":1}},"loc":{"start":{"line":1,"column":0},"end":{"line":29,"column":1}},"line":1}},"f":{"0":0}}
,"C:\\Users\\Thomás\\Desktop\\nodejs\\metrics\\src\\repositories\\prisma\\prisma-transactions-repository.ts": {"path":"C:\\Users\\Thomás\\Desktop\\nodejs\\metrics\\src\\repositories\\prisma\\prisma-transactions-repository.ts","all":true,"statementMap":{"0":{"start":{"line":1,"column":0},"end":{"line":1,"column":39}},"1":{"start":{"line":2,"column":0},"end":{"line":2,"column":67}},"2":{"start":{"line":3,"column":0},"end":{"line":3,"column":37}},"3":{"start":{"line":4,"column":0},"end":{"line":4,"column":0}},"4":{"start":{"line":5,"column":0},"end":{"line":5,"column":0}},"5":{"start":{"line":6,"column":0},"end":{"line":6,"column":0}},"6":{"start":{"line":7,"column":0},"end":{"line":7,"column":0}},"7":{"start":{"line":8,"column":0},"end":{"line":8,"column":0}},"8":{"start":{"line":9,"column":0},"end":{"line":9,"column":0}},"9":{"start":{"line":10,"column":0},"end":{"line":10,"column":77}},"10":{"start":{"line":11,"column":0},"end":{"line":11,"column":0}},"11":{"start":{"line":12,"column":0},"end":{"line":12,"column":0}},"12":{"start":{"line":13,"column":0},"end":{"line":13,"column":0}},"13":{"start":{"line":14,"column":0},"end":{"line":14,"column":64}},"14":{"start":{"line":15,"column":0},"end":{"line":15,"column":55}},"15":{"start":{"line":16,"column":0},"end":{"line":16,"column":16}},"16":{"start":{"line":17,"column":0},"end":{"line":17,"column":10}},"17":{"start":{"line":18,"column":0},"end":{"line":18,"column":0}},"18":{"start":{"line":19,"column":0},"end":{"line":19,"column":26}},"19":{"start":{"line":20,"column":0},"end":{"line":20,"column":5}},"20":{"start":{"line":21,"column":0},"end":{"line":21,"column":1}}},"s":{"0":0,"1":0,"2":0,"3":0,"4":0,"5":0,"6":0,"7":0,"8":0,"9":0,"10":0,"11":0,"12":0,"13":0,"14":0,"15":0,"16":0,"17":0,"18":0,"19":0,"20":0},"branchMap":{"0":{"type":"branch","line":1,"loc":{"start":{"line":1,"column":0},"end":{"line":21,"column":1}},"locations":[{"start":{"line":1,"column":0},"end":{"line":21,"column":1}}]}},"b":{"0":[0]},"fnMap":{"0":{"name":"(empty-report)","decl":{"start":{"line":1,"column":0},"end":{"line":21,"column":1}},"loc":{"start":{"line":1,"column":0},"end":{"line":21,"column":1}},"line":1}},"f":{"0":0}}
,"C:\\Users\\Thomás\\Desktop\\nodejs\\metrics\\src\\repositories\\prisma\\prisma-transfer-transactions-repository.ts": {"path":"C:\\Users\\Thomás\\Desktop\\nodejs\\metrics\\src\\repositories\\prisma\\prisma-transfer-transactions-repository.ts","all":true,"statementMap":{"0":{"start":{"line":1,"column":0},"end":{"line":1,"column":40}},"1":{"start":{"line":2,"column":0},"end":{"line":2,"column":84}},"2":{"start":{"line":3,"column":0},"end":{"line":3,"column":37}},"3":{"start":{"line":4,"column":0},"end":{"line":4,"column":0}},"4":{"start":{"line":5,"column":0},"end":{"line":5,"column":0}},"5":{"start":{"line":6,"column":0},"end":{"line":6,"column":0}},"6":{"start":{"line":7,"column":0},"end":{"line":7,"column":0}},"7":{"start":{"line":8,"column":0},"end":{"line":8,"column":0}},"8":{"start":{"line":9,"column":0},"end":{"line":9,"column":93}},"9":{"start":{"line":10,"column":0},"end":{"line":10,"column":0}},"10":{"start":{"line":11,"column":0},"end":{"line":11,"column":0}},"11":{"start":{"line":12,"column":0},"end":{"line":12,"column":72}},"12":{"start":{"line":13,"column":0},"end":{"line":13,"column":63}},"13":{"start":{"line":14,"column":0},"end":{"line":14,"column":16}},"14":{"start":{"line":15,"column":0},"end":{"line":15,"column":10}},"15":{"start":{"line":16,"column":0},"end":{"line":16,"column":0}},"16":{"start":{"line":17,"column":0},"end":{"line":17,"column":26}},"17":{"start":{"line":18,"column":0},"end":{"line":18,"column":5}},"18":{"start":{"line":19,"column":0},"end":{"line":19,"column":1}}},"s":{"0":0,"1":0,"2":0,"3":0,"4":0,"5":0,"6":0,"7":0,"8":0,"9":0,"10":0,"11":0,"12":0,"13":0,"14":0,"15":0,"16":0,"17":0,"18":0},"branchMap":{"0":{"type":"branch","line":1,"loc":{"start":{"line":1,"column":0},"end":{"line":19,"column":1}},"locations":[{"start":{"line":1,"column":0},"end":{"line":19,"column":1}}]}},"b":{"0":[0]},"fnMap":{"0":{"name":"(empty-report)","decl":{"start":{"line":1,"column":0},"end":{"line":19,"column":1}},"loc":{"start":{"line":1,"column":0},"end":{"line":19,"column":1}},"line":1}},"f":{"0":0}}
,"C:\\Users\\Thomás\\Desktop\\nodejs\\metrics\\src\\repositories\\prisma\\prisma-users-repository.ts": {"path":"C:\\Users\\Thomás\\Desktop\\nodejs\\metrics\\src\\repositories\\prisma\\prisma-users-repository.ts","all":true,"statementMap":{"0":{"start":{"line":1,"column":0},"end":{"line":1,"column":37}},"1":{"start":{"line":2,"column":0},"end":{"line":2,"column":39}},"2":{"start":{"line":3,"column":0},"end":{"line":3,"column":53}},"3":{"start":{"line":4,"column":0},"end":{"line":4,"column":0}},"4":{"start":{"line":5,"column":0},"end":{"line":5,"column":0}},"5":{"start":{"line":6,"column":0},"end":{"line":6,"column":62}},"6":{"start":{"line":7,"column":0},"end":{"line":7,"column":116}},"7":{"start":{"line":8,"column":0},"end":{"line":8,"column":51}},"8":{"start":{"line":9,"column":0},"end":{"line":9,"column":20}},"9":{"start":{"line":10,"column":0},"end":{"line":10,"column":18}},"10":{"start":{"line":11,"column":0},"end":{"line":11,"column":13}},"11":{"start":{"line":12,"column":0},"end":{"line":12,"column":10}},"12":{"start":{"line":13,"column":0},"end":{"line":13,"column":19}},"13":{"start":{"line":14,"column":0},"end":{"line":14,"column":5}},"14":{"start":{"line":15,"column":0},"end":{"line":15,"column":38}},"15":{"start":{"line":16,"column":0},"end":{"line":16,"column":51}},"16":{"start":{"line":17,"column":0},"end":{"line":17,"column":20}},"17":{"start":{"line":18,"column":0},"end":{"line":18,"column":21}},"18":{"start":{"line":19,"column":0},"end":{"line":19,"column":13}},"19":{"start":{"line":20,"column":0},"end":{"line":20,"column":10}},"20":{"start":{"line":21,"column":0},"end":{"line":21,"column":19}},"21":{"start":{"line":22,"column":0},"end":{"line":22,"column":5}},"22":{"start":{"line":23,"column":0},"end":{"line":23,"column":48}},"23":{"start":{"line":24,"column":0},"end":{"line":24,"column":0}},"24":{"start":{"line":25,"column":0},"end":{"line":25,"column":47}},"25":{"start":{"line":26,"column":0},"end":{"line":26,"column":16}},"26":{"start":{"line":27,"column":0},"end":{"line":27,"column":10}},"27":{"start":{"line":28,"column":0},"end":{"line":28,"column":19}},"28":{"start":{"line":29,"column":0},"end":{"line":29,"column":5}},"29":{"start":{"line":30,"column":0},"end":{"line":30,"column":1}}},"s":{"0":0,"1":0,"2":0,"3":0,"4":0,"5":0,"6":0,"7":0,"8":0,"9":0,"10":0,"11":0,"12":0,"13":0,"14":0,"15":0,"16":0,"17":0,"18":0,"19":0,"20":0,"21":0,"22":0,"23":0,"24":0,"25":0,"26":0,"27":0,"28":0,"29":0},"branchMap":{"0":{"type":"branch","line":1,"loc":{"start":{"line":1,"column":0},"end":{"line":30,"column":1}},"locations":[{"start":{"line":1,"column":0},"end":{"line":30,"column":1}}]}},"b":{"0":[0]},"fnMap":{"0":{"name":"(empty-report)","decl":{"start":{"line":1,"column":0},"end":{"line":30,"column":1}},"loc":{"start":{"line":1,"column":0},"end":{"line":30,"column":1}},"line":1}},"f":{"0":0}}
,"C:\\Users\\Thomás\\Desktop\\nodejs\\metrics\\src\\use-cases\\account.ts": {"path":"C:\\Users\\Thomás\\Desktop\\nodejs\\metrics\\src\\use-cases\\account.ts","all":false,"statementMap":{"0":{"start":{"line":1,"column":0},"end":{"line":1,"column":71}},"1":{"start":{"line":2,"column":0},"end":{"line":2,"column":40}},"2":{"start":{"line":3,"column":0},"end":{"line":3,"column":84}},"3":{"start":{"line":4,"column":0},"end":{"line":4,"column":89}},"4":{"start":{"line":5,"column":0},"end":{"line":5,"column":0}},"5":{"start":{"line":6,"column":0},"end":{"line":6,"column":33}},"6":{"start":{"line":7,"column":0},"end":{"line":7,"column":17}},"7":{"start":{"line":8,"column":0},"end":{"line":8,"column":36}},"8":{"start":{"line":9,"column":0},"end":{"line":9,"column":29}},"9":{"start":{"line":10,"column":0},"end":{"line":10,"column":20}},"10":{"start":{"line":11,"column":0},"end":{"line":11,"column":1}},"11":{"start":{"line":12,"column":0},"end":{"line":12,"column":0}},"12":{"start":{"line":13,"column":0},"end":{"line":13,"column":34}},"13":{"start":{"line":14,"column":0},"end":{"line":14,"column":20}},"14":{"start":{"line":15,"column":0},"end":{"line":15,"column":1}},"15":{"start":{"line":16,"column":0},"end":{"line":16,"column":29}},"16":{"start":{"line":17,"column":0},"end":{"line":17,"column":0}},"17":{"start":{"line":18,"column":0},"end":{"line":18,"column":16}},"18":{"start":{"line":19,"column":0},"end":{"line":19,"column":54}},"19":{"start":{"line":20,"column":0},"end":{"line":20,"column":9}},"20":{"start":{"line":21,"column":0},"end":{"line":21,"column":19}},"21":{"start":{"line":22,"column":0},"end":{"line":22,"column":40}},"22":{"start":{"line":23,"column":0},"end":{"line":23,"column":64}},"23":{"start":{"line":24,"column":0},"end":{"line":24,"column":0}},"24":{"start":{"line":25,"column":0},"end":{"line":25,"column":82}},"25":{"start":{"line":26,"column":0},"end":{"line":26,"column":0}},"26":{"start":{"line":27,"column":0},"end":{"line":27,"column":41}},"27":{"start":{"line":28,"column":0},"end":{"line":28,"column":50}},"28":{"start":{"line":29,"column":0},"end":{"line":29,"column":9}},"29":{"start":{"line":30,"column":0},"end":{"line":30,"column":0}},"30":{"start":{"line":31,"column":0},"end":{"line":31,"column":23}},"31":{"start":{"line":32,"column":0},"end":{"line":32,"column":52}},"32":{"start":{"line":33,"column":0},"end":{"line":33,"column":9}},"33":{"start":{"line":34,"column":0},"end":{"line":34,"column":62}},"34":{"start":{"line":35,"column":0},"end":{"line":35,"column":17}},"35":{"start":{"line":36,"column":0},"end":{"line":36,"column":24}},"36":{"start":{"line":37,"column":0},"end":{"line":37,"column":17}},"37":{"start":{"line":38,"column":0},"end":{"line":38,"column":19}},"38":{"start":{"line":39,"column":0},"end":{"line":39,"column":10}},"39":{"start":{"line":40,"column":0},"end":{"line":40,"column":16}},"40":{"start":{"line":41,"column":0},"end":{"line":41,"column":19}},"41":{"start":{"line":42,"column":0},"end":{"line":42,"column":9}},"42":{"start":{"line":43,"column":0},"end":{"line":43,"column":5}},"43":{"start":{"line":44,"column":0},"end":{"line":44,"column":1}}},"s":{"0":1,"1":1,"2":1,"3":1,"4":1,"5":1,"6":1,"7":1,"8":1,"9":1,"10":1,"11":1,"12":1,"13":1,"14":1,"15":1,"16":1,"17":1,"18":3,"19":3,"20":1,"21":4,"22":4,"23":4,"24":4,"25":4,"26":4,"27":1,"28":1,"29":3,"30":4,"31":1,"32":1,"33":2,"34":2,"35":2,"36":2,"37":2,"38":2,"39":2,"40":2,"41":2,"42":4,"43":1},"branchMap":{"0":{"type":"branch","line":18,"loc":{"start":{"line":18,"column":4},"end":{"line":20,"column":9}},"locations":[{"start":{"line":18,"column":4},"end":{"line":20,"column":9}}]},"1":{"type":"branch","line":21,"loc":{"start":{"line":21,"column":4},"end":{"line":43,"column":5}},"locations":[{"start":{"line":21,"column":4},"end":{"line":43,"column":5}}]},"2":{"type":"branch","line":27,"loc":{"start":{"line":27,"column":40},"end":{"line":29,"column":9}},"locations":[{"start":{"line":27,"column":40},"end":{"line":29,"column":9}}]},"3":{"type":"branch","line":29,"loc":{"start":{"line":29,"column":8},"end":{"line":31,"column":22}},"locations":[{"start":{"line":29,"column":8},"end":{"line":31,"column":22}}]},"4":{"type":"branch","line":31,"loc":{"start":{"line":31,"column":22},"end":{"line":33,"column":9}},"locations":[{"start":{"line":31,"column":22},"end":{"line":33,"column":9}}]},"5":{"type":"branch","line":33,"loc":{"start":{"line":33,"column":8},"end":{"line":42,"column":9}},"locations":[{"start":{"line":33,"column":8},"end":{"line":42,"column":9}}]}},"b":{"0":[3],"1":[4],"2":[1],"3":[3],"4":[1],"5":[2]},"fnMap":{"0":{"name":"AccountUseCase","decl":{"start":{"line":18,"column":4},"end":{"line":20,"column":9}},"loc":{"start":{"line":18,"column":4},"end":{"line":20,"column":9}},"line":18},"1":{"name":"execute","decl":{"start":{"line":21,"column":4},"end":{"line":43,"column":5}},"loc":{"start":{"line":21,"column":4},"end":{"line":43,"column":5}},"line":21}},"f":{"0":3,"1":4}}
,"C:\\Users\\Thomás\\Desktop\\nodejs\\metrics\\src\\use-cases\\authenticate.ts": {"path":"C:\\Users\\Thomás\\Desktop\\nodejs\\metrics\\src\\use-cases\\authenticate.ts","all":false,"statementMap":{"0":{"start":{"line":1,"column":0},"end":{"line":1,"column":65}},"1":{"start":{"line":2,"column":0},"end":{"line":2,"column":76}},"2":{"start":{"line":3,"column":0},"end":{"line":3,"column":34}},"3":{"start":{"line":4,"column":0},"end":{"line":4,"column":37}},"4":{"start":{"line":5,"column":0},"end":{"line":5,"column":0}},"5":{"start":{"line":6,"column":0},"end":{"line":6,"column":38}},"6":{"start":{"line":7,"column":0},"end":{"line":7,"column":18}},"7":{"start":{"line":8,"column":0},"end":{"line":8,"column":21}},"8":{"start":{"line":9,"column":0},"end":{"line":9,"column":1}},"9":{"start":{"line":10,"column":0},"end":{"line":10,"column":0}},"10":{"start":{"line":11,"column":0},"end":{"line":11,"column":39}},"11":{"start":{"line":12,"column":0},"end":{"line":12,"column":14}},"12":{"start":{"line":13,"column":0},"end":{"line":13,"column":1}},"13":{"start":{"line":14,"column":0},"end":{"line":14,"column":0}},"14":{"start":{"line":15,"column":0},"end":{"line":15,"column":0}},"15":{"start":{"line":16,"column":0},"end":{"line":16,"column":0}},"16":{"start":{"line":17,"column":0},"end":{"line":17,"column":34}},"17":{"start":{"line":18,"column":0},"end":{"line":18,"column":17}},"18":{"start":{"line":19,"column":0},"end":{"line":19,"column":48}},"19":{"start":{"line":20,"column":0},"end":{"line":20,"column":7}},"20":{"start":{"line":21,"column":0},"end":{"line":21,"column":0}},"21":{"start":{"line":22,"column":0},"end":{"line":22,"column":5}},"22":{"start":{"line":23,"column":0},"end":{"line":23,"column":0}},"23":{"start":{"line":24,"column":0},"end":{"line":24,"column":102}},"24":{"start":{"line":25,"column":0},"end":{"line":25,"column":66}},"25":{"start":{"line":26,"column":0},"end":{"line":26,"column":0}},"26":{"start":{"line":27,"column":0},"end":{"line":27,"column":19}},"27":{"start":{"line":28,"column":0},"end":{"line":28,"column":47}},"28":{"start":{"line":29,"column":0},"end":{"line":29,"column":9}},"29":{"start":{"line":30,"column":0},"end":{"line":30,"column":0}},"30":{"start":{"line":31,"column":0},"end":{"line":31,"column":79}},"31":{"start":{"line":32,"column":0},"end":{"line":32,"column":0}},"32":{"start":{"line":33,"column":0},"end":{"line":33,"column":34}},"33":{"start":{"line":34,"column":0},"end":{"line":34,"column":47}},"34":{"start":{"line":35,"column":0},"end":{"line":35,"column":9}},"35":{"start":{"line":36,"column":0},"end":{"line":36,"column":0}},"36":{"start":{"line":37,"column":0},"end":{"line":37,"column":17}},"37":{"start":{"line":38,"column":0},"end":{"line":38,"column":17}},"38":{"start":{"line":39,"column":0},"end":{"line":39,"column":9}},"39":{"start":{"line":40,"column":0},"end":{"line":40,"column":5}},"40":{"start":{"line":41,"column":0},"end":{"line":41,"column":1}}},"s":{"0":1,"1":1,"2":1,"3":1,"4":1,"5":1,"6":1,"7":1,"8":1,"9":1,"10":1,"11":1,"12":1,"13":1,"14":1,"15":1,"16":1,"17":1,"18":3,"19":3,"20":3,"21":3,"22":1,"23":1,"24":3,"25":3,"26":3,"27":1,"28":1,"29":2,"30":2,"31":2,"32":3,"33":1,"34":1,"35":1,"36":1,"37":1,"38":1,"39":3,"40":1},"branchMap":{"0":{"type":"branch","line":18,"loc":{"start":{"line":18,"column":4},"end":{"line":22,"column":5}},"locations":[{"start":{"line":18,"column":4},"end":{"line":22,"column":5}}]},"1":{"type":"branch","line":24,"loc":{"start":{"line":24,"column":4},"end":{"line":40,"column":5}},"lo
[...]
},"22":{"start":{"line":23,"column":0},"end":{"line":23,"column":16}},"23":{"start":{"line":24,"column":0},"end":{"line":24,"column":63}},"24":{"start":{"line":25,"column":0},"end":{"line":25,"column":79}},"25":{"start":{"line":26,"column":0},"end":{"line":26,"column":54}},"26":{"start":{"line":27,"column":0},"end":{"line":27,"column":9}},"27":{"start":{"line":28,"column":0},"end":{"line":28,"column":19}},"28":{"start":{"line":29,"column":0},"end":{"line":29,"column":102}},"29":{"start":{"line":30,"column":0},"end":{"line":30,"column":72}},"30":{"start":{"line":31,"column":0},"end":{"line":31,"column":0}},"31":{"start":{"line":32,"column":0},"end":{"line":32,"column":0}},"32":{"start":{"line":33,"column":0},"end":{"line":33,"column":92}},"33":{"start":{"line":34,"column":0},"end":{"line":34,"column":45}},"34":{"start":{"line":35,"column":0},"end":{"line":35,"column":9}},"35":{"start":{"line":36,"column":0},"end":{"line":36,"column":26}},"36":{"start":{"line":37,"column":0},"end":{"line":37,"column":45}},"37":{"start":{"line":38,"column":0},"end":{"line":38,"column":9}},"38":{"start":{"line":39,"column":0},"end":{"line":39,"column":95}},"39":{"start":{"line":40,"column":0},"end":{"line":40,"column":50}},"40":{"start":{"line":41,"column":0},"end":{"line":41,"column":62}},"41":{"start":{"line":42,"column":0},"end":{"line":42,"column":33}},"42":{"start":{"line":43,"column":0},"end":{"line":43,"column":0}},"43":{"start":{"line":44,"column":0},"end":{"line":44,"column":85}},"44":{"start":{"line":45,"column":0},"end":{"line":45,"column":9}},"45":{"start":{"line":46,"column":0},"end":{"line":46,"column":0}},"46":{"start":{"line":47,"column":0},"end":{"line":47,"column":70}},"47":{"start":{"line":48,"column":0},"end":{"line":48,"column":82}},"48":{"start":{"line":49,"column":0},"end":{"line":49,"column":10}},"49":{"start":{"line":50,"column":0},"end":{"line":50,"column":0}},"50":{"start":{"line":51,"column":0},"end":{"line":51,"column":65}},"51":{"start":{"line":52,"column":0},"end":{"line":52,"column":0}},"52":{"start":{"line":53,"column":0},"end":{"line":53,"column":62}},"53":{"start":{"line":54,"column":0},"end":{"line":54,"column":63}},"54":{"start":{"line":55,"column":0},"end":{"line":55,"column":46}},"55":{"start":{"line":56,"column":0},"end":{"line":56,"column":14}},"56":{"start":{"line":57,"column":0},"end":{"line":57,"column":37}},"57":{"start":{"line":58,"column":0},"end":{"line":58,"column":102}},"58":{"start":{"line":59,"column":0},"end":{"line":59,"column":13}},"59":{"start":{"line":60,"column":0},"end":{"line":60,"column":9}},"60":{"start":{"line":61,"column":0},"end":{"line":61,"column":16}},"61":{"start":{"line":62,"column":0},"end":{"line":62,"column":23}},"62":{"start":{"line":63,"column":0},"end":{"line":63,"column":9}},"63":{"start":{"line":64,"column":0},"end":{"line":64,"column":5}},"64":{"start":{"line":65,"column":0},"end":{"line":65,"column":1}}},"s":{"0":1,"1":1,"2":1,"3":1,"4":1,"5":1,"6":1,"7":1,"8":1,"9":1,"10":1,"11":1,"12":1,"13":1,"14":1,"15":1,"16":1,"17":1,"18":1,"19":1,"20":1,"21":1,"22":1,"23":5,"24":5,"25":5,"26":5,"27":1,"28":8,"29":8,"30":8,"31":8,"32":8,"33":1,"34":1,"35":8,"36":0,"37":0,"38":7,"39":7,"40":8,"41":8,"42":4,"43":4,"44":4,"45":7,"46":7,"47":7,"48":7,"49":7,"50":8,"51":2,"52":2,"53":2,"54":2,"55":2,"56":2,"57":1,"58":1,"59":2,"60":7,"61":7,"62":7,"63":8,"64":1},"branchMap":{"0":{"type":"branch","line":23,"loc":{"start":{"line":23,"column":4},"end":{"line":27,"column":9}},"locations":[{"start":{"line":23,"column":4},"end":{"line":27,"column":9}}]},"1":{"type":"branch","line":28,"loc":{"start":{"line":28,"column":4},"end":{"line":64,"column":5}},"locations":[{"start":{"line":28,"column":4},"end":{"line":64,"column":5}}]},"2":{"type":"branch","line":33,"loc":{"start":{"line":33,"column":26},"end":{"line":33,"column":65}},"locations":[{"start":{"line":33,"column":26},"end":{"line":33,"column":65}}]},"3":{"type":"branch","line":33,"loc":{"start":{"line":33,"column":52},"end":{"line":33,"column":91}},"locations":[{"start":{"line":33,"column":52},"end":{"line":33,"column":91}}]},"4":{"type":"branch","line":33,"loc":{"start":{"line":33,"column":91},"end":{"line":35,"column":9}},"locations":[{"start":{"line":33,"column":91},"end":{"line":35,"column":9}}]},"5":{"type":"branch","line":35,"loc":{"start":{"line":35,"column":8},"end":{"line":36,"column":25}},"locations":[{"start":{"line":35,"column":8},"end":{"line":36,"column":25}}]},"6":{"type":"branch","line":36,"loc":{"start":{"line":36,"column":25},"end":{"line":38,"column":9}},"locations":[{"start":{"line":36,"column":25},"end":{"line":38,"column":9}}]},"7":{"type":"branch","line":38,"loc":{"start":{"line":38,"column":8},"end":{"line":41,"column":50}},"locations":[{"start":{"line":38,"column":8},"end":{"line":41,"column":50}}]},"8":{"type":"branch","line":41,"loc":{"start":{"line":41,"column":39},"end":{"line":41,"column":57}},"locations":[{"start":{"line":41,"column":39},"end":{"line":41,"column":57}}]},"9":{"type":"branch","line":41,"loc":{"start":{"line":41,"column":50},"end":{"line":41,"column":62}},"locations":[{"start":{"line":41,"column":50},"end":{"line":41,"column":62}}]},"10":{"type":"branch","line":42,"loc":{"start":{"line":42,"column":32},"end":{"line":45,"column":9}},"locations":[{"start":{"line":42,"column":32},"end":{"line":45,"column":9}}]},"11":{"type":"branch","line":45,"loc":{"start":{"line":45,"column":8},"end":{"line":51,"column":40}},"locations":[{"start":{"line":45,"column":8},"end":{"line":51,"column":40}}]},"12":{"type":"branch","line":51,"loc":{"start":{"line":51,"column":26},"end":{"line":51,"column":64}},"locations":[{"start":{"line":51,"column":26},"end":{"line":51,"column":64}}]},"13":{"type":"branch","line":51,"loc":{"start":{"line":51,"column":64},"end":{"line":60,"column":9}},"locations":[{"start":{"line":51,"column":64},"end":{"line":60,"column":9}}]},"14":{"type":"branch","line":57,"loc":{"start":{"line":57,"column":36},"end":{"line":59,"column":13}},"locations":[{"start":{"line":57,"column":36},"end":{"line":59,"column":13}}]},"15":{"type":"branch","line":60,"loc":{"start":{"line":60,"column":8},"end":{"line":63,"column":9}},"locations":[{"start":{"line":60,"column":8},"end":{"line":63,"column":9}}]}},"b":{"0":[5],"1":[8],"2":[5],"3":[3],"4":[1],"5":[7],"6":[0],"7":[7],"8":[3],"9":[4],"10":[4],"11":[7],"12":[2],"13":[2],"14":[1],"15":[7]},"fnMap":{"0":{"name":"TransactionUseCase","decl":{"start":{"line":23,"column":4},"end":{"line":27,"column":9}},"loc":{"start":{"line":23,"column":4},"end":{"line":27,"column":9}},"line":23},"1":{"name":"execute","decl":{"start":{"line":28,"column":4},"end":{"line":64,"column":5}},"loc":{"start":{"line":28,"column":4},"end":{"line":64,"column":5}},"line":28}},"f":{"0":5,"1":8}}
,"C:\\Users\\Thomás\\Desktop\\nodejs\\metrics\\src\\use-cases\\errors\\invalid-credentials-error.ts": {"path":"C:\\Users\\Thomás\\Desktop\\nodejs\\metrics\\src\\use-cases\\errors\\invalid-credentials-error.ts","all":false,"statementMap":{"0":{"start":{"line":1,"column":0},"end":{"line":1,"column":52}},"1":{"start":{"line":2,"column":0},"end":{"line":2,"column":18}},"2":{"start":{"line":3,"column":0},"end":{"line":3,"column":38}},"3":{"start":{"line":4,"column":0},"end":{"line":4,"column":5}},"4":{"start":{"line":5,"column":0},"end":{"line":5,"column":1}}},"s":{"0":1,"1":1,"2":2,"3":2,"4":1},"branchMap":{"0":{"type":"branch","line":2,"loc":{"start":{"line":2,"column":4},"end":{"line":4,"column":5}},"locations":[{"start":{"line":2,"column":4},"end":{"line":4,"column":5}}]}},"b":{"0":[2]},"fnMap":{"0":{"name":"InvalidCredentialsError","decl":{"start":{"line":2,"column":4},"end":{"line":4,"column":5}},"loc":{"start":{"line":2,"column":4},"end":{"line":4,"column":5}},"line":2}},"f":{"0":2}}
,"C:\\Users\\Thomás\\Desktop\\nodejs\\metrics\\src\\use-cases\\errors\\no-negative-values-allowed-error.ts": {"path":"C:\\Users\\Thomás\\Desktop\\nodejs\\metrics\\src\\use-cases\\errors\\no-negative-values-allowed-error.ts","all":false,"statementMap":{"0":{"start":{"line":1,"column":0},"end":{"line":1,"column":57}},"1":{"start":{"line":2,"column":0},"end":{"line":2,"column":18}},"2":{"start":{"line":3,"column":0},"end":{"line":3,"column":69}},"3":{"start":{"line":4,"column":0},"end":{"line":4,"column":5}},"4":{"start":{"line":5,"column":0},"end":{"line":5,"column":1}}},"s":{"0":1,"1":1,"2":1,"3":1,"4":1},"branchMap":{"0":{"type":"branch","line":2,"loc":{"start":{"line":2,"column":4},"end":{"line":4,"column":5}},"locations":[{"start":{"line":2,"column":4},"end":{"line":4,"column":5}}]}},"b":{"0":[1]},"fnMap":{"0":{"name":"NoNegativeValuesAllowedError","decl":{"start":{"line":2,"column":4},"end":{"line":4,"column":5}},"loc":{"start":{"line":2,"column":4},"end":{"line":4,"column":5}},"line":2}},"f":{"0":1}}
,"C:\\Users\\Thomás\\Desktop\\nodejs\\metrics\\src\\use-cases\\errors\\resource-not-found-error.ts": {"path":"C:\\Users\\Thomás\\Desktop\\nodejs\\metrics\\src\\use-cases\\errors\\resource-not-found-error.ts","all":false,"statementMap":{"0":{"start":{"line":1,"column":0},"end":{"line":1,"column":50}},"1":{"start":{"line":2,"column":0},"end":{"line":2,"column":18}},"2":{"start":{"line":3,"column":0},"end":{"line":3,"column":39}},"3":{"start":{"line":4,"column":0},"end":{"line":4,"column":5}},"4":{"start":{"line":5,"column":0},"end":{"line":5,"column":1}}},"s":{"0":1,"1":1,"2":2,"3":2,"4":1},"branchMap":{"0":{"type":"branch","line":2,"loc":{"start":{"line":2,"column":4},"end":{"line":4,"column":5}},"locations":[{"start":{"line":2,"column":4},"end":{"line":4,"column":5}}]}},"b":{"0":[2]},"fnMap":{"0":{"name":"ResourceNotFoundError","decl":{"start":{"line":2,"column":4},"end":{"line":4,"column":5}},"loc":{"start":{"line":2,"column":4},"end":{"line":4,"column":5}},"line":2}},"f":{"0":2}}
,"C:\\Users\\Thomás\\Desktop\\nodejs\\metrics\\src\\use-cases\\errors\\this-name-already-exists-error.ts": {"path":"C:\\Users\\Thomás\\Desktop\\nodejs\\metrics\\src\\use-cases\\errors\\this-name-already-exists-error.ts","all":false,"statementMap":{"0":{"start":{"line":1,"column":0},"end":{"line":1,"column":55}},"1":{"start":{"line":2,"column":0},"end":{"line":2,"column":18}},"2":{"start":{"line":3,"column":0},"end":{"line":3,"column":35}},"3":{"start":{"line":4,"column":0},"end":{"line":4,"column":5}},"4":{"start":{"line":5,"column":0},"end":{"line":5,"column":1}}},"s":{"0":1,"1":1,"2":2,"3":2,"4":1},"branchMap":{"0":{"type":"branch","line":2,"loc":{"start":{"line":2,"column":4},"end":{"line":4,"column":5}},"locations":[{"start":{"line":2,"column":4},"end":{"line":4,"column":5}}]}},"b":{"0":[2]},"fnMap":{"0":{"name":"ThisNameAlreadyExistsError","decl":{"start":{"line":2,"column":4},"end":{"line":4,"column":5}},"loc":{"start":{"line":2,"column":4},"end":{"line":4,"column":5}},"line":2}},"f":{"0":2}}
,"C:\\Users\\Thomás\\Desktop\\nodejs\\metrics\\src\\use-cases\\errors\\user-already-exists-error.ts": {"path":"C:\\Users\\Thomás\\Desktop\\nodejs\\metrics\\src\\use-cases\\errors\\user-already-exists-error.ts","all":false,"statementMap":{"0":{"start":{"line":1,"column":0},"end":{"line":1,"column":51}},"1":{"start":{"line":2,"column":0},"end":{"line":2,"column":18}},"2":{"start":{"line":3,"column":0},"end":{"line":3,"column":37}},"3":{"start":{"line":4,"column":0},"end":{"line":4,"column":5}},"4":{"start":{"line":5,"column":0},"end":{"line":5,"column":1}}},"s":{"0":1,"1":1,"2":1,"3":1,"4":1},"branchMap":{"0":{"type":"branch","line":2,"loc":{"start":{"line":2,"column":4},"end":{"line":4,"column":5}},"locations":[{"start":{"line":2,"column":4},"end":{"line":4,"column":5}}]}},"b":{"0":[1]},"fnMap":{"0":{"name":"UserAlreadyExistsError","decl":{"start":{"line":2,"column":4},"end":{"line":4,"column":5}},"loc":{"start":{"line":2,"column":4},"end":{"line":4,"column":5}},"line":2}},"f":{"0":1}}
,"C:\\Users\\Thomás\\Desktop\\nodejs\\metrics\\src\\use-cases\\factories\\make-account-use-case.ts": {"path":"C:\\Users\\Thomás\\Desktop\\nodejs\\metrics\\src\\use-cases\\factories\\make-account-use-case.ts","all":true,"statementMap":{"0":{"start":{"line":1,"column":0},"end":{"line":1,"column":91}},"1":{"start":{"line":2,"column":0},"end":{"line":2,"column":43}},"2":{"start":{"line":3,"column":0},"end":{"line":3,"column":0}},"3":{"start":{"line":4,"column":0},"end":{"line":4,"column":0}},"4":{"start":{"line":5,"column":0},"end":{"line":5,"column":0}},"5":{"start":{"line":6,"column":0},"end":{"line":6,"column":0}},"6":{"start":{"line":7,"column":0},"end":{"line":7,"column":38}},"7":{"start":{"line":8,"column":0},"end":{"line":8,"column":61}},"8":{"start":{"line":9,"column":0},"end":{"line":9,"column":65}},"9":{"start":{"line":10,"column":0},"end":{"line":10,"column":25}},"10":{"start":{"line":11,"column":0},"end":{"line":11,"column":1}}},"s":{"0":0,"1":0,"2":0,"3":0,"4":0,"5":0,"6":0,"7":0,"8":0,"9":0,"10":0},"branchMap":{"0":{"type":"branch","line":1,"loc":{"start":{"line":1,"column":0},"end":{"line":11,"column":1}},"locations":[{"start":{"line":1,"column":0},"end":{"line":11,"column":1}}]}},"b":{"0":[0]},"fnMap":{"0":{"name":"(empty-report)","decl":{"start":{"line":1,"column":0},"end":{"line":11,"column":1}},"loc":{"start":{"line":1,"column":0},"end":{"line":11,"column":1}},"line":1}},"f":{"0":0}}
,"C:\\Users\\Thomás\\Desktop\\nodejs\\metrics\\src\\use-cases\\factories\\make-authenticate-use-case.ts": {"path":"C:\\Users\\Thomás\\Desktop\\nodejs\\metrics\\src\\use-cases\\factories\\make-authenticate-use-case.ts","all":true,"statementMap":{"0":{"start":{"line":1,"column":0},"end":{"line":1,"column":85}},"1":{"start":{"line":2,"column":0},"end":{"line":2,"column":53}},"2":{"start":{"line":3,"column":0},"end":{"line":3,"column":0}},"3":{"start":{"line":4,"column":0},"end":{"line":4,"column":0}},"4":{"start":{"line":5,"column":0},"end":{"line":5,"column":0}},"5":{"start":{"line":6,"column":0},"end":{"line":6,"column":43}},"6":{"start":{"line":7,"column":0},"end":{"line":7,"column":55}},"7":{"start":{"line":8,"column":0},"end":{"line":8,"column":72}},"8":{"start":{"line":9,"column":0},"end":{"line":9,"column":30}},"9":{"start":{"line":10,"column":0},"end":{"line":10,"column":1}}},"s":{"0":0,"1":0,"2":0,"3":0,"4":0,"5":0,"6":0,"7":0,"8":0,"9":0},"branchMap":{"0":{"type":"branch","line":1,"loc":{"start":{"line":1,"column":0},"end":{"line":10,"column":1}},"locations":[{"start":{"line":1,"column":0},"end":{"line":10,"column":1}}]}},"b":{"0":[0]},"fnMap":{"0":{"name":"(empty-report)","decl":{"start":{"line":1,"column":0},"end":{"line":10,"column":1}},"loc":{"start":{"line":1,"column":0},"end":{"line":10,"column":1}},"line":1}},"f":{"0":0}}
,"C:\\Users\\Thomás\\Desktop\\nodejs\\metrics\\src\\use-cases\\factories\\make-get-user-profile-use-case.ts": {"path":"C:\\Users\\Thomás\\Desktop\\nodejs\\metrics\\src\\use-cases\\factories\\make-get-user-profile-use-case.ts","all":true,"statementMap":{"0":{"start":{"line":1,"column":0},"end":{"line":1,"column":85}},"1":{"start":{"line":2,"column":0},"end":{"line":2,"column":59}},"2":{"start":{"line":3,"column":0},"end":{"line":3,"column":0}},"3":{"start":{"line":4,"column":0},"end":{"line":4,"column":45}},"4":{"start":{"line":5,"column":0},"end":{"line":5,"column":55}},"5":{"start":{"line":6,"column":0},"end":{"line":6,"column":76}},"6":{"start":{"line":7,"column":0},"end":{"line":7,"column":32}},"7":{"start":{"line":8,"column":0},"end":{"line":8,"column":1}}},"s":{"0":0,"1":0,"2":0,"3":0,"4":0,"5":0,"6":0,"7":0},"branchMap":{"0":{"type":"branch","line":1,"loc":{"start":{"line":1,"column":0},"end":{"line":8,"column":1}},"locations":[{"start":{"line":1,"column":0},"end":{"line":8,"column":1}}]}},"b":{"0":[0]},"fnMap":{"0":{"name":"(empty-report)","decl":{"start":{"line":1,"column":0},"end":{"line":8,"column":1}},"loc":{"start":{"line":1,"column":0},"end":{"line":8,"column":1}},"line":1}},"f":{"0":0}}
,"C:\\Users\\Thomás\\Desktop\\nodejs\\metrics\\src\\use-cases\\factories\\make-register-use-case.ts": {"path":"C:\\Users\\Thomás\\Desktop\\nodejs\\metrics\\src\\use-cases\\factories\\make-register-use-case.ts","all":true,"statementMap":{"0":{"start":{"line":1,"column":0},"end":{"line":1,"column":85}},"1":{"start":{"line":2,"column":0},"end":{"line":2,"column":45}},"2":{"start":{"line":3,"column":0},"end":{"line":3,"column":0}},"3":{"start":{"line":4,"column":0},"end":{"line":4,"column":0}},"4":{"start":{"line":5,"column":0},"end":{"line":5,"column":39}},"5":{"start":{"line":6,"column":0},"end":{"line":6,"column":55}},"6":{"start":{"line":7,"column":0},"end":{"line":7,"column":64}},"7":{"start":{"line":8,"column":0},"end":{"line":8,"column":26}},"8":{"start":{"line":9,"column":0},"end":{"line":9,"column":1}}},"s":{"0":0,"1":0,"2":0,"3":0,"4":0,"5":0,"6":0,"7":0,"8":0},"branchMap":{"0":{"type":"branch","line":1,"loc":{"start":{"line":1,"column":0},"end":{"line":9,"column":1}},"locations":[{"start":{"line":1,"column":0},"end":{"line":9,"column":1}}]}},"b":{"0":[0]},"fnMap":{"0":{"name":"(empty-report)","decl":{"start":{"line":1,"column":0},"end":{"line":9,"column":1}},"loc":{"start":{"line":1,"column":0},"end":{"line":9,"column":1}},"line":1}},"f":{"0":0}}
,"C:\\Users\\Thomás\\Desktop\\nodejs\\metrics\\src\\use-cases\\factories\\make-sector-use-case.ts": {"path":"C:\\Users\\Thomás\\Desktop\\nodejs\\metrics\\src\\use-cases\\factories\\make-sector-use-case.ts","all":true,"statementMap":{"0":{"start":{"line":1,"column":0},"end":{"line":1,"column":42}},"1":{"start":{"line":2,"column":0},"end":{"line":2,"column":89}},"2":{"start":{"line":3,"column":0},"end":{"line":3,"column":0}},"3":{"start":{"line":4,"column":0},"end":{"line":4,"column":37}},"4":{"start":{"line":5,"column":0},"end":{"line":5,"column":59}},"5":{"start":{"line":6,"column":0},"end":{"line":6,"column":62}},"6":{"start":{"line":7,"column":0},"end":{"line":7,"column":24}},"7":{"start":{"line":8,"column":0},"end":{"line":8,"column":1}}},"s":{"0":0,"1":0,"2":0,"3":0,"4":0,"5":0,"6":0,"7":0},"branchMap":{"0":{"type":"branch","line":1,"loc":{"start":{"line":1,"column":0},"end":{"line":8,"column":1}},"locations":[{"start":{"line":1,"column":0},"end":{"line":8,"column":1}}]}},"b":{"0":[0]},"fnMap":{"0":{"name":"(empty-report)","decl":{"start":{"line":1,"column":0},"end":{"line":8,"column":1}},"loc":{"start":{"line":1,"column":0},"end":{"line":8,"column":1}},"line":1}},"f":{"0":0}}
,"C:\\Users\\Thomás\\Desktop\\nodejs\\metrics\\src\\use-cases\\factories\\make-transaction-use-case.ts": {"path":"C:\\Users\\Thomás\\Desktop\\nodejs\\metrics\\src\\use-cases\\factories\\make-transaction-use-case.ts","all":true,"statementMap":{"0":{"start":{"line":1,"column":0},"end":{"line":1,"column":99}},"1":{"start":{"line":2,"column":0},"end":{"line":2,"column":51}},"2":{"start":{"line":3,"column":0},"end":{"line":3,"column":116}},"3":{"start":{"line":4,"column":0},"end":{"line":4,"column":91}},"4":{"start":{"line":5,"column":0},"end":{"line":5,"column":0}},"5":{"start":{"line":6,"column":0},"end":{"line":6,"column":0}},"6":{"start":{"line":7,"column":0},"end":{"line":7,"column":43}},"7":{"start":{"line":8,"column":0},"end":{"line":8,"column":0}},"8":{"start":{"line":9,"column":0},"end":{"line":9,"column":69}},"9":{"start":{"line":10,"column":0},"end":{"line":10,"column":85}},"10":{"start":{"line":11,"column":0},"end":{"line":11,"column":60}},"11":{"start":{"line":12,"column":0},"end":{"line":12,"column":0}},"12":{"start":{"line":13,"column":0},"end":{"line":13,"column":118}},"13":{"start":{"line":14,"column":0},"end":{"line":14,"column":18}},"14":{"start":{"line":15,"column":0},"end":{"line":15,"column":1}}},"s":{"0":0,"1":0,"2":0,"3":0,"4":0,"5":0,"6":0,"7":0,"8":0,"9":0,"10":0,"11":0,"12":0,"13":0,"14":0},"branchMap":{"0":{"type":"branch","line":1,"loc":{"start":{"line":1,"column":0},"end":{"line":15,"column":1}},"locations":[{"start":{"line":1,"column":0},"end":{"line":15,"column":1}}]}},"b":{"0":[0]},"fnMap":{"0":{"name":"(empty-report)","decl":{"start":{"line":1,"column":0},"end":{"line":15,"column":1}},"loc":{"start":{"line":1,"column":0},"end":{"line":15,"column":1}},"line":1}},"f":{"0":0}}
}
